INFO 2021-09-24 20:18:36,601 autoreload 636 Watching for file changes with StatReloader
INFO 2021-09-24 20:19:03,374 basehttp 161 "GET / HTTP/1.1" 200 10697
INFO 2021-09-24 20:19:03,415 basehttp 161 "GET /static/admin/css/fonts.css HTTP/1.1" 304 0
INFO 2021-09-24 20:19:03,531 basehttp 161 "GET /static/admin/fonts/Roboto-Bold-webfont.woff HTTP/1.1" 304 0
INFO 2021-09-24 20:19:03,533 basehttp 161 "GET /static/admin/fonts/Roboto-Regular-webfont.woff HTTP/1.1" 304 0
INFO 2021-09-24 20:19:03,535 basehttp 161 "GET /static/admin/fonts/Roboto-Light-webfont.woff HTTP/1.1" 304 0
WARNING 2021-09-24 20:19:03,749 log 224 Not Found: /favicon.ico
WARNING 2021-09-24 20:19:03,750 basehttp 161 "GET /favicon.ico HTTP/1.1" 404 1999
INFO 2021-09-24 20:21:39,847 autoreload 636 Watching for file changes with StatReloader
INFO 2021-09-24 20:21:47,333 basehttp 161 "GET / HTTP/1.1" 200 18
INFO 2021-09-24 20:27:34,024 autoreload 636 Watching for file changes with StatReloader
INFO 2021-09-24 20:27:35,627 basehttp 161 "GET / HTTP/1.1" 200 18
WARNING 2021-09-24 20:27:35,696 log 224 Not Found: /favicon.ico
WARNING 2021-09-24 20:27:35,696 basehttp 161 "GET /favicon.ico HTTP/1.1" 404 2099
WARNING 2021-09-24 20:27:40,676 basehttp 161 "GET /static/index.html HTTP/1.1" 404 1658
WARNING 2021-09-24 20:28:20,113 basehttp 161 "GET /static/index.html HTTP/1.1" 404 1658
INFO 2021-09-25 14:56:34,045 autoreload 636 Watching for file changes with StatReloader
INFO 2021-09-25 14:56:54,968 basehttp 161 "GET / HTTP/1.1" 200 18
WARNING 2021-09-25 14:56:55,216 log 224 Not Found: /favicon.ico
WARNING 2021-09-25 14:56:55,217 basehttp 161 "GET /favicon.ico HTTP/1.1" 404 2099
WARNING 2021-09-25 14:57:14,719 basehttp 161 "GET /static/index.html HTTP/1.1" 404 1658
WARNING 2021-09-25 14:57:36,489 basehttp 161 "GET /static/index.html HTTP/1.1" 404 1658
WARNING 2021-09-25 14:57:36,593 log 224 Not Found: /favicon.ico
WARNING 2021-09-25 14:57:36,594 basehttp 161 "GET /favicon.ico HTTP/1.1" 404 2099
WARNING 2021-09-25 14:57:41,187 basehttp 161 "GET /static/index.html HTTP/1.1" 404 1658
WARNING 2021-09-25 14:57:52,489 basehttp 161 "GET /static/index.html HTTP/1.1" 404 1658
WARNING 2021-09-25 14:57:52,637 log 224 Not Found: /favicon.ico
WARNING 2021-09-25 14:57:52,639 basehttp 161 "GET /favicon.ico HTTP/1.1" 404 2099
WARNING 2021-09-25 14:57:54,481 basehttp 161 "GET /static/index.html HTTP/1.1" 404 1658
WARNING 2021-09-25 14:58:51,771 basehttp 161 "GET /static/index.html HTTP/1.1" 404 1658
WARNING 2021-09-25 14:59:24,842 log 224 Not Found: /calmlog/index.html
WARNING 2021-09-25 14:59:24,842 basehttp 161 "GET /calmlog/index.html HTTP/1.1" 404 2120
INFO 2021-09-25 14:59:50,829 basehttp 161 "GET /static/calmlog-index.html HTTP/1.1" 200 16424
INFO 2021-09-25 14:59:50,882 basehttp 161 "GET /static/highlight/styles/railscasts.css HTTP/1.1" 200 1317
INFO 2021-09-25 14:59:50,899 basehttp 161 "GET /static/bootstrap/css/bootstrap.min.css HTTP/1.1" 200 140942
INFO 2021-09-25 14:59:50,916 basehttp 161 "GET /static/img/logo.jpg HTTP/1.1" 200 5903
INFO 2021-09-25 14:59:50,930 basehttp 161 "GET /static/font-awesome/css/font-awesome.min.css HTTP/1.1" 200 31004
INFO 2021-09-25 14:59:50,941 basehttp 161 "GET /static/bootstrap/js/bootstrap.min.js HTTP/1.1" 200 51045
INFO 2021-09-25 14:59:50,966 basehttp 161 "GET /static/highlight/highlight.pack.js HTTP/1.1" 200 46072
INFO 2021-09-25 14:59:50,968 basehttp 161 "GET /static/temporary-img/recommended-right.jpg HTTP/1.1" 200 46773
INFO 2021-09-25 14:59:50,968 basehttp 161 "GET /static/temporary-img/recommended-left.jpg HTTP/1.1" 200 57923
INFO 2021-09-25 14:59:50,968 basehttp 161 "GET /static/jquery/jquery.min.js HTTP/1.1" 200 97168
INFO 2021-09-25 14:59:50,972 basehttp 161 "GET /static/temporary-img/recommended.jpg HTTP/1.1" 200 170949
INFO 2021-09-25 14:59:50,978 basehttp 161 "GET /static/temporary-img/list-right.jpg HTTP/1.1" 200 30796
INFO 2021-09-25 14:59:50,986 basehttp 161 "GET /static/css/cl-css.css HTTP/1.1" 200 8468
INFO 2021-09-25 14:59:50,999 basehttp 161 "GET /static/temporary-img/list-image1.jpg HTTP/1.1" 200 32481
INFO 2021-09-25 14:59:51,012 basehttp 161 "GET /static/temporary-img/code.jpg HTTP/1.1" 200 43034
INFO 2021-09-25 14:59:51,039 basehttp 161 "GET /static/temporary-img/list-image3.jpg HTTP/1.1" 200 21441
INFO 2021-09-25 14:59:51,057 basehttp 161 "GET /static/temporary-img/list-image2.jpg HTTP/1.1" 200 27041
INFO 2021-09-25 14:59:51,131 basehttp 161 "GET /static/font-awesome/fonts/fontawesome-webfont.woff2?v=4.7.0 HTTP/1.1" 200 77160
INFO 2021-09-25 15:46:56,219 autoreload 636 Watching for file changes with StatReloader
INFO 2021-09-25 15:46:59,518 basehttp 161 "GET / HTTP/1.1" 200 18
WARNING 2021-09-25 15:46:59,748 log 224 Not Found: /favicon.ico
WARNING 2021-09-25 15:46:59,749 basehttp 161 "GET /favicon.ico HTTP/1.1" 404 2099
INFO 2021-09-25 16:18:24,871 autoreload 636 Watching for file changes with StatReloader
INFO 2021-09-25 16:18:27,043 basehttp 161 "GET / HTTP/1.1" 200 18
INFO 2021-09-25 16:19:01,347 basehttp 161 "GET /static/calmlog-index.html HTTP/1.1" 304 0
INFO 2021-09-25 16:19:01,369 basehttp 161 "GET /static/bootstrap/css/bootstrap.min.css HTTP/1.1" 304 0
INFO 2021-09-25 16:19:01,369 basehttp 161 "GET /static/css/cl-css.css HTTP/1.1" 304 0
INFO 2021-09-25 16:19:01,369 basehttp 161 "GET /static/font-awesome/css/font-awesome.min.css HTTP/1.1" 304 0
INFO 2021-09-25 16:19:01,385 basehttp 161 "GET /static/highlight/styles/railscasts.css HTTP/1.1" 304 0
INFO 2021-09-25 16:19:01,385 basehttp 161 "GET /static/jquery/jquery.min.js HTTP/1.1" 304 0
INFO 2021-09-25 16:19:01,398 basehttp 161 "GET /static/highlight/highlight.pack.js HTTP/1.1" 304 0
INFO 2021-09-25 16:19:01,400 basehttp 161 "GET /static/bootstrap/js/bootstrap.min.js HTTP/1.1" 304 0
INFO 2021-09-25 16:19:01,401 basehttp 161 "GET /static/temporary-img/recommended-left.jpg HTTP/1.1" 304 0
INFO 2021-09-25 16:19:01,405 basehttp 161 "GET /static/temporary-img/recommended.jpg HTTP/1.1" 304 0
INFO 2021-09-25 16:19:01,406 basehttp 161 "GET /static/img/logo.jpg HTTP/1.1" 304 0
INFO 2021-09-25 16:19:01,410 basehttp 161 "GET /static/temporary-img/recommended-right.jpg HTTP/1.1" 304 0
INFO 2021-09-25 16:19:01,412 basehttp 161 "GET /static/temporary-img/list-image1.jpg HTTP/1.1" 304 0
INFO 2021-09-25 16:19:01,415 basehttp 161 "GET /static/temporary-img/list-image2.jpg HTTP/1.1" 304 0
INFO 2021-09-25 16:19:01,415 basehttp 161 "GET /static/temporary-img/list-image3.jpg HTTP/1.1" 304 0
INFO 2021-09-25 16:19:01,420 basehttp 161 "GET /static/temporary-img/code.jpg HTTP/1.1" 304 0
INFO 2021-09-25 16:19:01,423 basehttp 161 "GET /static/temporary-img/list-right.jpg HTTP/1.1" 304 0
INFO 2021-09-25 16:19:01,514 basehttp 161 "GET /static/font-awesome/fonts/fontawesome-webfont.woff2?v=4.7.0 HTTP/1.1" 304 0
INFO 2021-09-26 09:07:05,317 autoreload 636 Watching for file changes with StatReloader
INFO 2021-09-26 09:07:25,469 autoreload 636 Watching for file changes with StatReloader
INFO 2021-09-26 09:08:07,990 autoreload 636 Watching for file changes with StatReloader
INFO 2021-09-26 09:08:10,813 basehttp 161 "GET / HTTP/1.1" 200 18
WARNING 2021-09-26 09:08:11,140 log 224 Not Found: /favicon.ico
WARNING 2021-09-26 09:08:11,140 basehttp 161 "GET /favicon.ico HTTP/1.1" 404 2099
INFO 2021-09-26 09:44:07,287 autoreload 636 Watching for file changes with StatReloader
INFO 2021-09-26 09:44:53,452 autoreload 636 Watching for file changes with StatReloader
INFO 2021-09-26 09:45:20,626 autoreload 636 Watching for file changes with StatReloader
INFO 2021-09-26 09:45:53,905 autoreload 636 Watching for file changes with StatReloader
INFO 2021-09-26 09:46:42,472 autoreload 250 D:\桌面\shixun\shixunblog\shixunblog\urls.py changed, reloading.
INFO 2021-09-26 09:46:43,461 autoreload 636 Watching for file changes with StatReloader
INFO 2021-09-26 09:46:44,370 autoreload 636 Watching for file changes with StatReloader
INFO 2021-09-26 09:47:39,360 autoreload 250 D:\桌面\shixun\shixunblog\shixunblog\urls.py changed, reloading.
INFO 2021-09-26 09:47:40,428 autoreload 636 Watching for file changes with StatReloader
INFO 2021-09-26 09:47:41,193 autoreload 636 Watching for file changes with StatReloader
INFO 2021-09-26 09:47:59,018 autoreload 636 Watching for file changes with StatReloader
INFO 2021-09-26 09:48:11,457 autoreload 636 Watching for file changes with StatReloader
INFO 2021-09-26 09:49:30,851 autoreload 636 Watching for file changes with StatReloader
INFO 2021-09-26 09:49:47,262 autoreload 636 Watching for file changes with StatReloader
INFO 2021-09-26 09:51:02,758 autoreload 636 Watching for file changes with StatReloader
INFO 2021-09-26 09:51:58,509 autoreload 250 D:\桌面\shixun\shixunblog\shixunblog\settings.py changed, reloading.
INFO 2021-09-26 09:51:59,455 autoreload 636 Watching for file changes with StatReloader
INFO 2021-09-26 09:53:34,251 autoreload 250 D:\桌面\shixun\shixunblog\shixunblog\settings.py changed, reloading.
INFO 2021-09-26 09:53:35,319 autoreload 636 Watching for file changes with StatReloader
INFO 2021-09-26 09:54:09,425 autoreload 250 D:\桌面\shixun\shixunblog\users\urls.py changed, reloading.
INFO 2021-09-26 09:54:10,344 autoreload 636 Watching for file changes with StatReloader
INFO 2021-09-26 09:54:29,213 autoreload 636 Watching for file changes with StatReloader
WARNING 2021-09-26 09:54:31,411 log 224 Not Found: /
WARNING 2021-09-26 09:54:31,412 basehttp 161 "GET / HTTP/1.1" 404 2121
WARNING 2021-09-26 09:54:31,541 log 224 Not Found: /favicon.ico
WARNING 2021-09-26 09:54:31,542 basehttp 161 "GET /favicon.ico HTTP/1.1" 404 2172
WARNING 2021-09-26 09:55:04,444 log 224 Not Found: /regist.html
WARNING 2021-09-26 09:55:04,445 basehttp 161 "GET /regist.html HTTP/1.1" 404 2172
WARNING 2021-09-26 09:55:09,796 log 224 Not Found: /regist
WARNING 2021-09-26 09:55:09,796 basehttp 161 "GET /regist HTTP/1.1" 404 2157
INFO 2021-09-26 09:55:32,823 basehttp 161 "GET /register HTTP/1.1" 301 0
ERROR 2021-09-26 09:55:32,979 log 224 Internal Server Error: /register/
Traceback (most recent call last):
  File "D:\python_code\code\beichen\lib\site-packages\django\core\handlers\exception.py", line 47, in inner
    response = get_response(request)
  File "D:\python_code\code\beichen\lib\site-packages\django\core\handlers\base.py", line 181, in _get_response
    response = wrapped_callback(request, *callback_args, **callback_kwargs)
  File "D:\python_code\code\beichen\lib\site-packages\django\views\generic\base.py", line 70, in view
    return self.dispatch(request, *args, **kwargs)
  File "D:\python_code\code\beichen\lib\site-packages\django\views\generic\base.py", line 98, in dispatch
    return handler(request, *args, **kwargs)
  File "D:\桌面\shixun\shixunblog\users\views.py", line 8, in get
    return render(request, 'register.html')
  File "D:\python_code\code\beichen\lib\site-packages\django\shortcuts.py", line 19, in render
    content = loader.render_to_string(template_name, context, request, using=using)
  File "D:\python_code\code\beichen\lib\site-packages\django\template\loader.py", line 61, in render_to_string
    template = get_template(template_name, using=using)
  File "D:\python_code\code\beichen\lib\site-packages\django\template\loader.py", line 19, in get_template
    raise TemplateDoesNotExist(template_name, chain=chain)
django.template.exceptions.TemplateDoesNotExist: register.html
ERROR 2021-09-26 09:55:32,980 basehttp 161 "GET /register/ HTTP/1.1" 500 91998
INFO 2021-09-26 09:57:06,412 autoreload 636 Watching for file changes with StatReloader
ERROR 2021-09-26 09:57:10,161 log 224 Internal Server Error: /register/
Traceback (most recent call last):
  File "D:\python_code\code\beichen\lib\site-packages\django\core\handlers\exception.py", line 47, in inner
    response = get_response(request)
  File "D:\python_code\code\beichen\lib\site-packages\django\core\handlers\base.py", line 181, in _get_response
    response = wrapped_callback(request, *callback_args, **callback_kwargs)
  File "D:\python_code\code\beichen\lib\site-packages\django\views\generic\base.py", line 70, in view
    return self.dispatch(request, *args, **kwargs)
  File "D:\python_code\code\beichen\lib\site-packages\django\views\generic\base.py", line 98, in dispatch
    return handler(request, *args, **kwargs)
  File "D:\桌面\shixun\shixunblog\users\views.py", line 8, in get
    return render(request, "register.html")
  File "D:\python_code\code\beichen\lib\site-packages\django\shortcuts.py", line 19, in render
    content = loader.render_to_string(template_name, context, request, using=using)
  File "D:\python_code\code\beichen\lib\site-packages\django\template\loader.py", line 61, in render_to_string
    template = get_template(template_name, using=using)
  File "D:\python_code\code\beichen\lib\site-packages\django\template\loader.py", line 19, in get_template
    raise TemplateDoesNotExist(template_name, chain=chain)
django.template.exceptions.TemplateDoesNotExist: register.html
ERROR 2021-09-26 09:57:10,162 basehttp 161 "GET /register/ HTTP/1.1" 500 92135
ERROR 2021-09-26 09:57:10,778 log 224 Internal Server Error: /register/
Traceback (most recent call last):
  File "D:\python_code\code\beichen\lib\site-packages\django\core\handlers\exception.py", line 47, in inner
    response = get_response(request)
  File "D:\python_code\code\beichen\lib\site-packages\django\core\handlers\base.py", line 181, in _get_response
    response = wrapped_callback(request, *callback_args, **callback_kwargs)
  File "D:\python_code\code\beichen\lib\site-packages\django\views\generic\base.py", line 70, in view
    return self.dispatch(request, *args, **kwargs)
  File "D:\python_code\code\beichen\lib\site-packages\django\views\generic\base.py", line 98, in dispatch
    return handler(request, *args, **kwargs)
  File "D:\桌面\shixun\shixunblog\users\views.py", line 8, in get
    return render(request, "register.html")
  File "D:\python_code\code\beichen\lib\site-packages\django\shortcuts.py", line 19, in render
    content = loader.render_to_string(template_name, context, request, using=using)
  File "D:\python_code\code\beichen\lib\site-packages\django\template\loader.py", line 61, in render_to_string
    template = get_template(template_name, using=using)
  File "D:\python_code\code\beichen\lib\site-packages\django\template\loader.py", line 19, in get_template
    raise TemplateDoesNotExist(template_name, chain=chain)
django.template.exceptions.TemplateDoesNotExist: register.html
ERROR 2021-09-26 09:57:10,780 basehttp 161 "GET /register/ HTTP/1.1" 500 92135
INFO 2021-09-26 09:58:16,202 autoreload 636 Watching for file changes with StatReloader
INFO 2021-09-26 09:58:19,396 basehttp 161 "GET /register/ HTTP/1.1" 200 2610
INFO 2021-09-26 09:58:19,420 basehttp 161 "GET /static/bootstrap/css/bootstrap.min.css HTTP/1.1" 304 0
INFO 2021-09-26 09:58:19,421 basehttp 161 "GET /static/css/cl-css.css HTTP/1.1" 304 0
INFO 2021-09-26 09:58:19,424 basehttp 161 "GET /static/font-awesome/css/font-awesome.min.css HTTP/1.1" 304 0
INFO 2021-09-26 09:58:19,426 basehttp 161 "GET /static/jquery/jquery.min.js HTTP/1.1" 304 0
INFO 2021-09-26 09:58:19,427 basehttp 161 "GET /static/img/logo.jpg HTTP/1.1" 304 0
INFO 2021-09-26 09:58:19,427 basehttp 161 "GET /static/highlight/highlight.pack.js HTTP/1.1" 304 0
INFO 2021-09-26 09:58:19,428 basehttp 161 "GET /static/bootstrap/js/bootstrap.min.js HTTP/1.1" 304 0
WARNING 2021-09-26 09:58:19,432 log 224 Not Found: /register/highlight/styles/railscasts.css
WARNING 2021-09-26 09:58:19,433 basehttp 161 "GET /register/highlight/styles/railscasts.css HTTP/1.1" 404 2259
INFO 2021-09-26 10:06:35,477 autoreload 636 Watching for file changes with StatReloader
WARNING 2021-09-26 10:06:43,109 log 224 Not Found: /
WARNING 2021-09-26 10:06:43,110 basehttp 161 "GET / HTTP/1.1" 404 2121
INFO 2021-09-26 10:06:53,271 basehttp 161 "GET /register/ HTTP/1.1" 200 2610
WARNING 2021-09-26 10:06:53,296 log 224 Not Found: /register/highlight/styles/railscasts.css
WARNING 2021-09-26 10:06:53,296 basehttp 161 "GET /register/highlight/styles/railscasts.css HTTP/1.1" 404 2259
INFO 2021-09-26 10:22:48,064 autoreload 636 Watching for file changes with StatReloader
INFO 2021-09-26 10:23:10,339 autoreload 636 Watching for file changes with StatReloader
INFO 2021-09-26 10:23:38,286 autoreload 636 Watching for file changes with StatReloader
INFO 2021-09-26 10:23:48,007 autoreload 636 Watching for file changes with StatReloader
INFO 2021-09-26 10:23:54,544 autoreload 636 Watching for file changes with StatReloader
INFO 2021-09-26 10:25:11,537 autoreload 636 Watching for file changes with StatReloader
INFO 2021-09-26 10:25:55,540 autoreload 636 Watching for file changes with StatReloader
INFO 2021-09-26 10:26:51,279 autoreload 636 Watching for file changes with StatReloader
WARNING 2021-09-26 10:26:58,364 log 224 Not Found: /
WARNING 2021-09-26 10:26:58,364 basehttp 161 "GET / HTTP/1.1" 404 2121
INFO 2021-09-26 10:27:04,719 basehttp 161 "GET /register/ HTTP/1.1" 200 2610
WARNING 2021-09-26 10:27:04,743 log 224 Not Found: /register/highlight/styles/railscasts.css
WARNING 2021-09-26 10:27:04,743 basehttp 161 "GET /register/highlight/styles/railscasts.css HTTP/1.1" 404 2259
INFO 2021-09-26 10:38:44,360 basehttp 161 "GET /register/ HTTP/1.1" 200 2610
WARNING 2021-09-26 10:38:44,383 log 224 Not Found: /register/highlight/styles/railscasts.css
WARNING 2021-09-26 10:38:44,383 basehttp 161 "GET /register/highlight/styles/railscasts.css HTTP/1.1" 404 2259
INFO 2021-09-26 10:55:32,682 autoreload 636 Watching for file changes with StatReloader
INFO 2021-09-26 11:29:10,864 autoreload 636 Watching for file changes with StatReloader
WARNING 2021-09-26 11:29:18,596 log 224 Not Found: /register/highlight/styles/railscasts.css
WARNING 2021-09-26 11:29:18,597 basehttp 161 "GET /register/highlight/styles/railscasts.css HTTP/1.1" 404 2416
INFO 2021-09-26 11:29:19,982 basehttp 161 "GET /register/ HTTP/1.1" 200 5939
INFO 2021-09-26 11:29:20,005 basehttp 161 "GET /static/highlight/styles/railscasts.css HTTP/1.1" 304 0
WARNING 2021-09-26 11:29:20,007 basehttp 161 "GET /static/vue/vue-2.5.16.js HTTP/1.1" 404 1679
INFO 2021-09-26 11:29:20,012 basehttp 161 "GET /static/js/register.js HTTP/1.1" 200 6438
INFO 2021-09-26 11:29:20,012 basehttp 161 "GET /static/js/host.js HTTP/1.1" 200 35
WARNING 2021-09-26 11:29:20,015 basehttp 161 "GET /static/vue/axios-0.18.0.min.js HTTP/1.1" 404 1697
WARNING 2021-09-26 11:29:20,042 basehttp 161 "GET /static/vue/axios-0.18.0.min.js HTTP/1.1" 404 1697
INFO 2021-09-26 11:31:34,305 basehttp 161 "GET /register/ HTTP/1.1" 200 5939
WARNING 2021-09-26 11:31:34,356 basehttp 161 "GET /static/vue/axios-0.18.0.min.js HTTP/1.1" 404 1697
WARNING 2021-09-26 11:31:34,357 basehttp 161 "GET /static/vue/vue-2.5.16.js HTTP/1.1" 404 1679
WARNING 2021-09-26 11:31:34,366 basehttp 161 "GET /static/vue/axios-0.18.0.min.js HTTP/1.1" 404 1697
INFO 2021-09-26 11:31:36,233 basehttp 161 "GET /register/ HTTP/1.1" 200 5939
WARNING 2021-09-26 11:31:36,256 basehttp 161 "GET /static/vue/vue-2.5.16.js HTTP/1.1" 404 1679
WARNING 2021-09-26 11:31:36,256 basehttp 161 "GET /static/vue/axios-0.18.0.min.js HTTP/1.1" 404 1697
INFO 2021-09-26 11:33:35,826 autoreload 636 Watching for file changes with StatReloader
INFO 2021-09-26 11:33:39,603 basehttp 161 "GET /register/ HTTP/1.1" 200 5939
WARNING 2021-09-26 11:33:39,729 basehttp 161 "GET /static/vue/vue-2.5.16.js HTTP/1.1" 404 1679
WARNING 2021-09-26 11:33:39,730 basehttp 161 "GET /static/vue/axios-0.18.0.min.js HTTP/1.1" 404 1697
INFO 2021-09-26 11:33:40,547 basehttp 161 "GET /register/ HTTP/1.1" 200 5939
WARNING 2021-09-26 11:33:40,574 basehttp 161 "GET /static/vue/vue-2.5.16.js HTTP/1.1" 404 1679
WARNING 2021-09-26 11:33:40,574 basehttp 161 "GET /static/vue/axios-0.18.0.min.js HTTP/1.1" 404 1697
INFO 2021-09-26 11:35:45,702 autoreload 636 Watching for file changes with StatReloader
INFO 2021-09-26 11:35:50,145 basehttp 161 "GET /register/ HTTP/1.1" 200 5939
INFO 2021-09-26 11:35:50,164 basehttp 161 "GET /static/vue/axios-0.18.0.min.js HTTP/1.1" 200 12941
INFO 2021-09-26 11:35:50,167 basehttp 161 "GET /static/vue/vue-2.5.16.js HTTP/1.1" 200 289307
INFO 2021-09-26 11:35:50,212 basehttp 161 "GET /imagecode/?uuid=1acc40be-7100-4ce2-999f-a7d94e931d6f HTTP/1.1" 200 5939
INFO 2021-09-26 11:35:53,400 basehttp 161 "GET /imagecode/?uuid=73b957c1-825d-4c54-a3da-dda50d10ca1e HTTP/1.1" 200 5939
INFO 2021-09-26 11:36:52,091 basehttp 161 "GET /register/ HTTP/1.1" 200 5939
INFO 2021-09-26 11:36:52,140 basehttp 161 "GET /imagecode/?uuid=555fd7b4-a291-47e3-9f58-6a6d9a3873e3 HTTP/1.1" 200 5939
INFO 2021-09-26 11:36:53,817 basehttp 161 "GET /register/ HTTP/1.1" 200 5939
INFO 2021-09-26 11:36:53,859 basehttp 161 "GET /imagecode/?uuid=6fa201f1-a60d-495d-a47d-075e3e31468a HTTP/1.1" 200 5939
INFO 2021-09-26 11:36:54,560 basehttp 161 "GET /register/ HTTP/1.1" 200 5939
INFO 2021-09-26 11:36:54,595 basehttp 161 "GET /imagecode/?uuid=c4cbb6b8-481a-4168-a53c-3a602b795c54 HTTP/1.1" 200 5939
INFO 2021-09-26 11:36:55,298 basehttp 161 "GET /register/ HTTP/1.1" 200 5939
INFO 2021-09-26 11:36:55,342 basehttp 161 "GET /imagecode/?uuid=59b5a99e-0f91-4919-8777-4c5acce68ee5 HTTP/1.1" 200 5939
INFO 2021-09-26 11:37:53,288 autoreload 636 Watching for file changes with StatReloader
INFO 2021-09-26 11:37:55,870 basehttp 161 "GET /register/ HTTP/1.1" 200 5939
INFO 2021-09-26 11:37:55,920 basehttp 161 "GET /imagecode/?uuid=61ea5dc2-14b5-4b52-94d8-e399d8efd0ef HTTP/1.1" 200 5939
INFO 2021-09-26 11:37:56,898 basehttp 161 "GET /register/ HTTP/1.1" 200 5939
INFO 2021-09-26 11:37:56,938 basehttp 161 "GET /imagecode/?uuid=d634e3c5-da0a-4f71-95d2-8a872bd6ec34 HTTP/1.1" 200 5939
INFO 2021-09-26 11:38:41,759 autoreload 636 Watching for file changes with StatReloader
WARNING 2021-09-26 11:38:43,231 log 224 Not Found: /
WARNING 2021-09-26 11:38:43,232 basehttp 161 "GET / HTTP/1.1" 404 2296
INFO 2021-09-26 11:38:49,024 basehttp 161 "GET /register/ HTTP/1.1" 200 5939
INFO 2021-09-26 11:38:49,142 basehttp 161 "GET /imagecode/?uuid=df439e18-b9b5-4c79-a814-2bef0450e5a4 HTTP/1.1" 200 5939
INFO 2021-09-26 11:38:51,775 basehttp 161 "GET /imagecode/?uuid=f0d67b73-64fc-42ed-8582-526d1805e727 HTTP/1.1" 200 5939
INFO 2021-09-26 11:38:52,323 basehttp 161 "GET /imagecode/?uuid=4200e3f6-1172-46aa-a794-14387c921c17 HTTP/1.1" 200 5939
INFO 2021-09-26 11:38:52,691 basehttp 161 "GET /imagecode/?uuid=a1c08f06-08ce-4e34-b3fd-aae2f7e4a0ba HTTP/1.1" 200 5939
INFO 2021-09-26 11:39:08,234 basehttp 161 "GET /register/ HTTP/1.1" 200 5939
INFO 2021-09-26 11:39:08,305 basehttp 161 "GET /static/font-awesome/css/font-awesome.min.css HTTP/1.1" 200 31004
INFO 2021-09-26 11:39:08,307 basehttp 161 "GET /static/bootstrap/css/bootstrap.min.css HTTP/1.1" 200 140942
INFO 2021-09-26 11:39:08,317 basehttp 161 "GET /static/highlight/styles/railscasts.css HTTP/1.1" 200 1317
INFO 2021-09-26 11:39:08,324 basehttp 161 "GET /static/css/cl-css.css HTTP/1.1" 200 8468
INFO 2021-09-26 11:39:08,330 basehttp 161 "GET /static/bootstrap/js/bootstrap.min.js HTTP/1.1" 200 51045
INFO 2021-09-26 11:39:08,337 basehttp 161 "GET /static/jquery/jquery.min.js HTTP/1.1" 200 97168
INFO 2021-09-26 11:39:08,345 basehttp 161 "GET /static/js/host.js HTTP/1.1" 200 35
INFO 2021-09-26 11:39:08,356 basehttp 161 "GET /static/js/register.js HTTP/1.1" 200 6438
INFO 2021-09-26 11:39:08,376 basehttp 161 "GET /static/vue/vue-2.5.16.js HTTP/1.1" 200 289307
INFO 2021-09-26 11:39:08,384 basehttp 161 "GET /static/vue/axios-0.18.0.min.js HTTP/1.1" 200 12941
INFO 2021-09-26 11:39:08,402 basehttp 161 "GET /static/img/logo.jpg HTTP/1.1" 200 5903
INFO 2021-09-26 11:39:08,415 basehttp 161 "GET /static/highlight/highlight.pack.js HTTP/1.1" 200 46072
INFO 2021-09-26 11:39:08,459 basehttp 161 "GET /imagecode/?uuid=fa65179b-62f7-4035-ace9-bd16c4c49342 HTTP/1.1" 200 5939
WARNING 2021-09-26 11:39:08,514 log 224 Not Found: /favicon.ico
WARNING 2021-09-26 11:39:08,514 basehttp 161 "GET /favicon.ico HTTP/1.1" 404 2347
INFO 2021-09-26 11:42:26,609 autoreload 636 Watching for file changes with StatReloader
INFO 2021-09-26 11:42:31,103 basehttp 161 "GET /register/ HTTP/1.1" 200 5939
INFO 2021-09-26 11:42:31,163 basehttp 161 "GET /imagecode/?uuid=ac97988d-e1fc-44fd-b205-b6f06c34c1b5 HTTP/1.1" 200 5939
INFO 2021-09-26 11:42:32,237 basehttp 161 "GET /register/ HTTP/1.1" 200 5939
INFO 2021-09-26 11:42:32,278 basehttp 161 "GET /imagecode/?uuid=eebd8079-2849-4297-a2a1-d16d24fe6e70 HTTP/1.1" 200 5939
INFO 2021-09-26 11:42:33,054 basehttp 161 "GET /register/ HTTP/1.1" 200 5939
INFO 2021-09-26 11:42:33,098 basehttp 161 "GET /imagecode/?uuid=c86692ac-897f-403a-9ad5-cf7d0f9be1a1 HTTP/1.1" 200 5939
INFO 2021-09-26 11:42:36,349 basehttp 161 "GET /imagecode/?uuid=af56a2bd-8b14-4aa6-9727-b47e38233c7a HTTP/1.1" 200 5939
WARNING 2021-09-26 11:42:38,441 basehttp 161 "GET /static/bootstrap/css/bootstrap.min.css.map HTTP/1.1" 404 1733
WARNING 2021-09-26 11:42:38,443 basehttp 161 "GET /static/vue/axios.min.map HTTP/1.1" 404 1679
WARNING 2021-09-26 11:42:38,444 basehttp 161 "GET /static/bootstrap/js/bootstrap.min.js.map HTTP/1.1" 404 1727
INFO 2021-09-26 11:43:24,257 autoreload 636 Watching for file changes with StatReloader
WARNING 2021-09-26 11:43:26,686 log 224 Not Found: /
WARNING 2021-09-26 11:43:26,687 basehttp 161 "GET / HTTP/1.1" 404 2296
INFO 2021-09-26 11:43:32,765 basehttp 161 "GET /register/ HTTP/1.1" 200 5939
INFO 2021-09-26 11:43:32,840 basehttp 161 "GET /imagecode/?uuid=2f3e2c8e-f903-425e-be7b-4bdacbe2994a HTTP/1.1" 200 5939
INFO 2021-09-26 11:43:36,716 basehttp 161 "GET /imagecode/?uuid=cd5a038c-983a-4e2d-90fa-914c14f64728 HTTP/1.1" 200 5939
INFO 2021-09-26 11:43:37,264 basehttp 161 "GET /imagecode/?uuid=d265b3f0-87b6-453a-b01a-660abe662318 HTTP/1.1" 200 5939
INFO 2021-09-26 11:43:37,824 basehttp 161 "GET /imagecode/?uuid=51f60571-a0a2-416f-8554-48357bb3ec51 HTTP/1.1" 200 5939
INFO 2021-09-26 11:43:38,288 basehttp 161 "GET /imagecode/?uuid=2822960c-7d06-4ab6-8425-b82e9d495976 HTTP/1.1" 200 5939
INFO 2021-09-26 11:43:38,671 basehttp 161 "GET /imagecode/?uuid=8433e998-8feb-4c1a-b593-4dc9af7fb71f HTTP/1.1" 200 5939
INFO 2021-09-26 11:43:38,892 basehttp 161 "GET /imagecode/?uuid=a1d07fd4-ca97-4200-b776-0cd42d9f59c5 HTTP/1.1" 200 5939
INFO 2021-09-26 11:43:39,052 basehttp 161 "GET /imagecode/?uuid=45b1d6af-7fb2-41c4-b4d3-ca3bff665883 HTTP/1.1" 200 5939
INFO 2021-09-26 11:43:40,337 basehttp 161 "GET /imagecode/?uuid=709f3d73-c286-4050-82d5-b4d12e159bf1 HTTP/1.1" 200 5939
INFO 2021-09-26 11:46:37,055 autoreload 636 Watching for file changes with StatReloader
WARNING 2021-09-26 11:46:39,477 log 224 Not Found: /
WARNING 2021-09-26 11:46:39,478 basehttp 161 "GET / HTTP/1.1" 404 2296
INFO 2021-09-26 11:46:48,410 basehttp 161 "GET /register/ HTTP/1.1" 200 5939
INFO 2021-09-26 11:46:48,561 basehttp 161 "GET /imagecode/?uuid=c77cbce7-74d4-41f9-9ebe-f6b0d581663f HTTP/1.1" 200 5939
INFO 2021-09-26 11:46:51,061 basehttp 161 "GET /register/ HTTP/1.1" 200 5939
INFO 2021-09-26 11:46:51,107 basehttp 161 "GET /imagecode/?uuid=9c622c4c-80c1-42c5-b504-d3788bb49db6 HTTP/1.1" 200 5939
INFO 2021-09-26 11:46:51,820 basehttp 161 "GET /register/ HTTP/1.1" 200 5939
INFO 2021-09-26 11:46:51,852 basehttp 161 "GET /imagecode/?uuid=71d92ca2-0636-4e63-8372-22f92a74847c HTTP/1.1" 200 5939
INFO 2021-09-26 11:46:52,600 basehttp 161 "GET /register/ HTTP/1.1" 200 5939
INFO 2021-09-26 11:46:52,642 basehttp 161 "GET /imagecode/?uuid=b17ad378-adc5-4ae8-b005-9cd2afbda992 HTTP/1.1" 200 5939
INFO 2021-09-26 11:50:02,702 autoreload 250 D:\桌面\shixun\shixunblog\shixunblog\settings.py changed, reloading.
INFO 2021-09-26 11:50:03,817 autoreload 636 Watching for file changes with StatReloader
INFO 2021-09-26 11:50:27,485 autoreload 636 Watching for file changes with StatReloader
INFO 2021-09-26 11:50:32,547 basehttp 161 "GET /register/ HTTP/1.1" 200 5939
INFO 2021-09-26 11:50:32,624 basehttp 161 "GET /imagecode/?uuid=6831dd13-af68-42a2-b4c7-c5c5409360c3 HTTP/1.1" 200 5939
INFO 2021-09-26 11:50:33,375 basehttp 161 "GET /register/ HTTP/1.1" 200 5939
INFO 2021-09-26 11:50:33,426 basehttp 161 "GET /imagecode/?uuid=fc794581-dc6f-444c-be44-d36898937284 HTTP/1.1" 200 5939
INFO 2021-09-26 11:50:57,711 autoreload 636 Watching for file changes with StatReloader
INFO 2021-09-26 11:51:01,978 basehttp 161 "GET /register/ HTTP/1.1" 200 5939
INFO 2021-09-26 11:51:02,371 basehttp 161 "GET /imagecode/?uuid=44f9813b-e44c-4cd7-8e9f-4cf540903033 HTTP/1.1" 200 3298
INFO 2021-09-26 17:45:15,554 autoreload 636 Watching for file changes with StatReloader
WARNING 2021-09-26 17:45:19,118 log 224 Not Found: /
WARNING 2021-09-26 17:45:19,118 basehttp 161 "GET / HTTP/1.1" 404 2296
WARNING 2021-09-26 17:45:19,206 log 224 Not Found: /favicon.ico
WARNING 2021-09-26 17:45:19,207 basehttp 161 "GET /favicon.ico HTTP/1.1" 404 2347
INFO 2021-09-26 17:45:24,524 basehttp 161 "GET /register/ HTTP/1.1" 200 5939
INFO 2021-09-26 17:45:24,549 basehttp 161 "GET /static/bootstrap/css/bootstrap.min.css HTTP/1.1" 304 0
INFO 2021-09-26 17:45:24,551 basehttp 161 "GET /static/highlight/styles/railscasts.css HTTP/1.1" 304 0
INFO 2021-09-26 17:45:24,552 basehttp 161 "GET /static/jquery/jquery.min.js HTTP/1.1" 304 0
INFO 2021-09-26 17:45:24,552 basehttp 161 "GET /static/font-awesome/css/font-awesome.min.css HTTP/1.1" 304 0
INFO 2021-09-26 17:45:24,554 basehttp 161 "GET /static/img/logo.jpg HTTP/1.1" 304 0
INFO 2021-09-26 17:45:24,558 basehttp 161 "GET /static/css/cl-css.css HTTP/1.1" 304 0
INFO 2021-09-26 17:45:24,559 basehttp 161 "GET /static/bootstrap/js/bootstrap.min.js HTTP/1.1" 304 0
INFO 2021-09-26 17:45:24,559 basehttp 161 "GET /static/highlight/highlight.pack.js HTTP/1.1" 304 0
ERROR 2021-09-26 17:45:28,274 log 224 Internal Server Error: /imagecode/
Traceback (most recent call last):
  File "D:\python_code\code\beichen\lib\site-packages\redis\connection.py", line 559, in connect
    sock = self._connect()
  File "D:\python_code\code\beichen\lib\site-packages\redis\connection.py", line 615, in _connect
    raise err
  File "D:\python_code\code\beichen\lib\site-packages\redis\connection.py", line 603, in _connect
    sock.connect(socket_address)
ConnectionRefusedError: [WinError 10061] 由于目标计算机积极拒绝，无法连接。

During handling of the above exception, another exception occurred:

Traceback (most recent call last):
  File "D:\python_code\code\beichen\lib\site-packages\django\core\handlers\exception.py", line 47, in inner
    response = get_response(request)
  File "D:\python_code\code\beichen\lib\site-packages\django\core\handlers\base.py", line 181, in _get_response
    response = wrapped_callback(request, *callback_args, **callback_kwargs)
  File "D:\python_code\code\beichen\lib\site-packages\django\views\generic\base.py", line 70, in view
    return self.dispatch(request, *args, **kwargs)
  File "D:\python_code\code\beichen\lib\site-packages\django\views\generic\base.py", line 98, in dispatch
    return handler(request, *args, **kwargs)
  File "D:\桌面\shixun\shixunblog\users\views.py", line 39, in get
    redis_conn.setex(name='img:%s' % uuid, time=300, value=txt)
  File "D:\python_code\code\beichen\lib\site-packages\redis\client.py", line 1822, in setex
    return self.execute_command('SETEX', name, time, value)
  File "D:\python_code\code\beichen\lib\site-packages\redis\client.py", line 898, in execute_command
    conn = self.connection or pool.get_connection(command_name, **options)
  File "D:\python_code\code\beichen\lib\site-packages\redis\connection.py", line 1192, in get_connection
    connection.connect()
  File "D:\python_code\code\beichen\lib\site-packages\redis\connection.py", line 563, in connect
    raise ConnectionError(self._error_message(e))
redis.exceptions.ConnectionError: Error 10061 connecting to 127.0.0.1:6379. 由于目标计算机积极拒绝，无法连接。.
ERROR 2021-09-26 17:45:28,278 basehttp 161 "GET /imagecode/?uuid=e94758b6-6eb1-4123-a3ba-2d269fbe7bbd HTTP/1.1" 500 116289
INFO 2021-09-26 17:45:32,504 basehttp 161 "GET /register/ HTTP/1.1" 200 5939
ERROR 2021-09-26 17:45:32,566 log 224 Internal Server Error: /imagecode/
Traceback (most recent call last):
  File "D:\python_code\code\beichen\lib\site-packages\redis\connection.py", line 559, in connect
    sock = self._connect()
  File "D:\python_code\code\beichen\lib\site-packages\redis\connection.py", line 615, in _connect
    raise err
  File "D:\python_code\code\beichen\lib\site-packages\redis\connection.py", line 603, in _connect
    sock.connect(socket_address)
ConnectionRefusedError: [WinError 10061] 由于目标计算机积极拒绝，无法连接。

During handling of the above exception, another exception occurred:

Traceback (most recent call last):
  File "D:\python_code\code\beichen\lib\site-packages\django\core\handlers\exception.py", line 47, in inner
    response = get_response(request)
  File "D:\python_code\code\beichen\lib\site-packages\django\core\handlers\base.py", line 181, in _get_response
    response = wrapped_callback(request, *callback_args, **callback_kwargs)
  File "D:\python_code\code\beichen\lib\site-packages\django\views\generic\base.py", line 70, in view
    return self.dispatch(request, *args, **kwargs)
  File "D:\python_code\code\beichen\lib\site-packages\django\views\generic\base.py", line 98, in dispatch
    return handler(request, *args, **kwargs)
  File "D:\桌面\shixun\shixunblog\users\views.py", line 39, in get
    redis_conn.setex(name='img:%s' % uuid, time=300, value=txt)
  File "D:\python_code\code\beichen\lib\site-packages\redis\client.py", line 1822, in setex
    return self.execute_command('SETEX', name, time, value)
  File "D:\python_code\code\beichen\lib\site-packages\redis\client.py", line 898, in execute_command
    conn = self.connection or pool.get_connection(command_name, **options)
  File "D:\python_code\code\beichen\lib\site-packages\redis\connection.py", line 1192, in get_connection
    connection.connect()
  File "D:\python_code\code\beichen\lib\site-packages\redis\connection.py", line 563, in connect
    raise ConnectionError(self._error_message(e))
redis.exceptions.ConnectionError: Error 10061 connecting to 127.0.0.1:6379. 由于目标计算机积极拒绝，无法连接。.
INFO 2021-09-26 17:45:32,569 basehttp 75 - Broken pipe from ('127.0.0.1', 53562)

ERROR 2021-09-26 17:45:34,640 log 224 Internal Server Error: /imagecode/
Traceback (most recent call last):
  File "D:\python_code\code\beichen\lib\site-packages\redis\connection.py", line 559, in connect
    sock = self._connect()
  File "D:\python_code\code\beichen\lib\site-packages\redis\connection.py", line 615, in _connect
    raise err
  File "D:\python_code\code\beichen\lib\site-packages\redis\connection.py", line 603, in _connect
    sock.connect(socket_address)
ConnectionRefusedError: [WinError 10061] 由于目标计算机积极拒绝，无法连接。

During handling of the above exception, another exception occurred:

Traceback (most recent call last):
  File "D:\python_code\code\beichen\lib\site-packages\django\core\handlers\exception.py", line 47, in inner
    response = get_response(request)
  File "D:\python_code\code\beichen\lib\site-packages\django\core\handlers\base.py", line 181, in _get_response
    response = wrapped_callback(request, *callback_args, **callback_kwargs)
  File "D:\python_code\code\beichen\lib\site-packages\django\views\generic\base.py", line 70, in view
    return self.dispatch(request, *args, **kwargs)
  File "D:\python_code\code\beichen\lib\site-packages\django\views\generic\base.py", line 98, in dispatch
    return handler(request, *args, **kwargs)
  File "D:\桌面\shixun\shixunblog\users\views.py", line 39, in get
    redis_conn.setex(name='img:%s' % uuid, time=300, value=txt)
  File "D:\python_code\code\beichen\lib\site-packages\redis\client.py", line 1822, in setex
    return self.execute_command('SETEX', name, time, value)
  File "D:\python_code\code\beichen\lib\site-packages\redis\client.py", line 898, in execute_command
    conn = self.connection or pool.get_connection(command_name, **options)
  File "D:\python_code\code\beichen\lib\site-packages\redis\connection.py", line 1192, in get_connection
    connection.connect()
  File "D:\python_code\code\beichen\lib\site-packages\redis\connection.py", line 563, in connect
    raise ConnectionError(self._error_message(e))
redis.exceptions.ConnectionError: Error 10061 connecting to 127.0.0.1:6379. 由于目标计算机积极拒绝，无法连接。.
INFO 2021-09-26 17:45:34,641 basehttp 75 - Broken pipe from ('127.0.0.1', 56965)

ERROR 2021-09-26 17:45:36,471 log 224 Internal Server Error: /imagecode/
Traceback (most recent call last):
  File "D:\python_code\code\beichen\lib\site-packages\redis\connection.py", line 559, in connect
    sock = self._connect()
  File "D:\python_code\code\beichen\lib\site-packages\redis\connection.py", line 615, in _connect
    raise err
  File "D:\python_code\code\beichen\lib\site-packages\redis\connection.py", line 603, in _connect
    sock.connect(socket_address)
ConnectionRefusedError: [WinError 10061] 由于目标计算机积极拒绝，无法连接。

During handling of the above exception, another exception occurred:

Traceback (most recent call last):
  File "D:\python_code\code\beichen\lib\site-packages\django\core\handlers\exception.py", line 47, in inner
    response = get_response(request)
  File "D:\python_code\code\beichen\lib\site-packages\django\core\handlers\base.py", line 181, in _get_response
    response = wrapped_callback(request, *callback_args, **callback_kwargs)
  File "D:\python_code\code\beichen\lib\site-packages\django\views\generic\base.py", line 70, in view
    return self.dispatch(request, *args, **kwargs)
  File "D:\python_code\code\beichen\lib\site-packages\django\views\generic\base.py", line 98, in dispatch
    return handler(request, *args, **kwargs)
  File "D:\桌面\shixun\shixunblog\users\views.py", line 39, in get
    redis_conn.setex(name='img:%s' % uuid, time=300, value=txt)
  File "D:\python_code\code\beichen\lib\site-packages\redis\client.py", line 1822, in setex
    return self.execute_command('SETEX', name, time, value)
  File "D:\python_code\code\beichen\lib\site-packages\redis\client.py", line 898, in execute_command
    conn = self.connection or pool.get_connection(command_name, **options)
  File "D:\python_code\code\beichen\lib\site-packages\redis\connection.py", line 1192, in get_connection
    connection.connect()
  File "D:\python_code\code\beichen\lib\site-packages\redis\connection.py", line 563, in connect
    raise ConnectionError(self._error_message(e))
redis.exceptions.ConnectionError: Error 10061 connecting to 127.0.0.1:6379. 由于目标计算机积极拒绝，无法连接。.
INFO 2021-09-26 17:45:36,472 basehttp 75 - Broken pipe from ('127.0.0.1', 55497)

INFO 2021-09-26 17:47:36,769 autoreload 636 Watching for file changes with StatReloader
WARNING 2021-09-26 17:47:41,757 log 224 Not Found: /
WARNING 2021-09-26 17:47:41,758 basehttp 161 "GET / HTTP/1.1" 404 2296
WARNING 2021-09-26 17:47:41,936 log 224 Not Found: /favicon.ico
WARNING 2021-09-26 17:47:41,938 basehttp 161 "GET /favicon.ico HTTP/1.1" 404 2347
INFO 2021-09-26 17:47:47,164 basehttp 161 "GET /register/ HTTP/1.1" 200 5939
ERROR 2021-09-26 17:47:50,921 log 224 Internal Server Error: /imagecode/
Traceback (most recent call last):
  File "D:\python_code\code\beichen\lib\site-packages\redis\connection.py", line 559, in connect
    sock = self._connect()
  File "D:\python_code\code\beichen\lib\site-packages\redis\connection.py", line 615, in _connect
    raise err
  File "D:\python_code\code\beichen\lib\site-packages\redis\connection.py", line 603, in _connect
    sock.connect(socket_address)
ConnectionRefusedError: [WinError 10061] 由于目标计算机积极拒绝，无法连接。

During handling of the above exception, another exception occurred:

Traceback (most recent call last):
  File "D:\python_code\code\beichen\lib\site-packages\django\core\handlers\exception.py", line 47, in inner
    response = get_response(request)
  File "D:\python_code\code\beichen\lib\site-packages\django\core\handlers\base.py", line 181, in _get_response
    response = wrapped_callback(request, *callback_args, **callback_kwargs)
  File "D:\python_code\code\beichen\lib\site-packages\django\views\generic\base.py", line 70, in view
    return self.dispatch(request, *args, **kwargs)
  File "D:\python_code\code\beichen\lib\site-packages\django\views\generic\base.py", line 98, in dispatch
    return handler(request, *args, **kwargs)
  File "D:\桌面\shixun\shixunblog\users\views.py", line 39, in get
    redis_conn.setex(name='img:%s' % uuid, time=300, value=txt)
  File "D:\python_code\code\beichen\lib\site-packages\redis\client.py", line 1822, in setex
    return self.execute_command('SETEX', name, time, value)
  File "D:\python_code\code\beichen\lib\site-packages\redis\client.py", line 898, in execute_command
    conn = self.connection or pool.get_connection(command_name, **options)
  File "D:\python_code\code\beichen\lib\site-packages\redis\connection.py", line 1192, in get_connection
    connection.connect()
  File "D:\python_code\code\beichen\lib\site-packages\redis\connection.py", line 563, in connect
    raise ConnectionError(self._error_message(e))
redis.exceptions.ConnectionError: Error 10061 connecting to 127.0.0.1:6379. 由于目标计算机积极拒绝，无法连接。.
ERROR 2021-09-26 17:47:50,925 basehttp 161 "GET /imagecode/?uuid=6f528f45-6b28-4299-927c-fe66be66c66e HTTP/1.1" 500 116294
ERROR 2021-09-26 17:47:55,550 log 224 Internal Server Error: /imagecode/
Traceback (most recent call last):
  File "D:\python_code\code\beichen\lib\site-packages\redis\connection.py", line 559, in connect
    sock = self._connect()
  File "D:\python_code\code\beichen\lib\site-packages\redis\connection.py", line 615, in _connect
    raise err
  File "D:\python_code\code\beichen\lib\site-packages\redis\connection.py", line 603, in _connect
    sock.connect(socket_address)
ConnectionRefusedError: [WinError 10061] 由于目标计算机积极拒绝，无法连接。

During handling of the above exception, another exception occurred:

Traceback (most recent call last):
  File "D:\python_code\code\beichen\lib\site-packages\django\core\handlers\exception.py", line 47, in inner
    response = get_response(request)
  File "D:\python_code\code\beichen\lib\site-packages\django\core\handlers\base.py", line 181, in _get_response
    response = wrapped_callback(request, *callback_args, **callback_kwargs)
  File "D:\python_code\code\beichen\lib\site-packages\django\views\generic\base.py", line 70, in view
    return self.dispatch(request, *args, **kwargs)
  File "D:\python_code\code\beichen\lib\site-packages\django\views\generic\base.py", line 98, in dispatch
    return handler(request, *args, **kwargs)
  File "D:\桌面\shixun\shixunblog\users\views.py", line 39, in get
    redis_conn.setex(name='img:%s' % uuid, time=300, value=txt)
  File "D:\python_code\code\beichen\lib\site-packages\redis\client.py", line 1822, in setex
    return self.execute_command('SETEX', name, time, value)
  File "D:\python_code\code\beichen\lib\site-packages\redis\client.py", line 898, in execute_command
    conn = self.connection or pool.get_connection(command_name, **options)
  File "D:\python_code\code\beichen\lib\site-packages\redis\connection.py", line 1192, in get_connection
    connection.connect()
  File "D:\python_code\code\beichen\lib\site-packages\redis\connection.py", line 563, in connect
    raise ConnectionError(self._error_message(e))
redis.exceptions.ConnectionError: Error 10061 connecting to 127.0.0.1:6379. 由于目标计算机积极拒绝，无法连接。.
ERROR 2021-09-26 17:47:55,552 basehttp 161 "GET /imagecode/?uuid=97e65829-7000-4b82-b910-c6bf9afaef0a HTTP/1.1" 500 116307
WARNING 2021-09-26 17:47:59,408 basehttp 161 "GET /static/bootstrap/js/bootstrap.min.js.map HTTP/1.1" 404 1727
WARNING 2021-09-26 17:47:59,417 basehttp 161 "GET /static/vue/axios.min.map HTTP/1.1" 404 1679
WARNING 2021-09-26 17:47:59,418 basehttp 161 "GET /static/bootstrap/css/bootstrap.min.css.map HTTP/1.1" 404 1733
ERROR 2021-09-26 17:47:59,718 log 224 Internal Server Error: /imagecode/
Traceback (most recent call last):
  File "D:\python_code\code\beichen\lib\site-packages\redis\connection.py", line 559, in connect
    sock = self._connect()
  File "D:\python_code\code\beichen\lib\site-packages\redis\connection.py", line 615, in _connect
    raise err
  File "D:\python_code\code\beichen\lib\site-packages\redis\connection.py", line 603, in _connect
    sock.connect(socket_address)
ConnectionRefusedError: [WinError 10061] 由于目标计算机积极拒绝，无法连接。

During handling of the above exception, another exception occurred:

Traceback (most recent call last):
  File "D:\python_code\code\beichen\lib\site-packages\django\core\handlers\exception.py", line 47, in inner
    response = get_response(request)
  File "D:\python_code\code\beichen\lib\site-packages\django\core\handlers\base.py", line 181, in _get_response
    response = wrapped_callback(request, *callback_args, **callback_kwargs)
  File "D:\python_code\code\beichen\lib\site-packages\django\views\generic\base.py", line 70, in view
    return self.dispatch(request, *args, **kwargs)
  File "D:\python_code\code\beichen\lib\site-packages\django\views\generic\base.py", line 98, in dispatch
    return handler(request, *args, **kwargs)
  File "D:\桌面\shixun\shixunblog\users\views.py", line 39, in get
    redis_conn.setex(name='img:%s' % uuid, time=300, value=txt)
  File "D:\python_code\code\beichen\lib\site-packages\redis\client.py", line 1822, in setex
    return self.execute_command('SETEX', name, time, value)
  File "D:\python_code\code\beichen\lib\site-packages\redis\client.py", line 898, in execute_command
    conn = self.connection or pool.get_connection(command_name, **options)
  File "D:\python_code\code\beichen\lib\site-packages\redis\connection.py", line 1192, in get_connection
    connection.connect()
  File "D:\python_code\code\beichen\lib\site-packages\redis\connection.py", line 563, in connect
    raise ConnectionError(self._error_message(e))
redis.exceptions.ConnectionError: Error 10061 connecting to 127.0.0.1:6379. 由于目标计算机积极拒绝，无法连接。.
ERROR 2021-09-26 17:47:59,719 basehttp 161 "GET /imagecode/?uuid=85a418c6-296e-438c-ab79-87d5b35a9f28 HTTP/1.1" 500 116313
ERROR 2021-09-26 17:48:04,901 log 224 Internal Server Error: /imagecode/
Traceback (most recent call last):
  File "D:\python_code\code\beichen\lib\site-packages\redis\connection.py", line 559, in connect
    sock = self._connect()
  File "D:\python_code\code\beichen\lib\site-packages\redis\connection.py", line 615, in _connect
    raise err
  File "D:\python_code\code\beichen\lib\site-packages\redis\connection.py", line 603, in _connect
    sock.connect(socket_address)
ConnectionRefusedError: [WinError 10061] 由于目标计算机积极拒绝，无法连接。

During handling of the above exception, another exception occurred:

Traceback (most recent call last):
  File "D:\python_code\code\beichen\lib\site-packages\django\core\handlers\exception.py", line 47, in inner
    response = get_response(request)
  File "D:\python_code\code\beichen\lib\site-packages\django\core\handlers\base.py", line 181, in _get_response
    response = wrapped_callback(request, *callback_args, **callback_kwargs)
  File "D:\python_code\code\beichen\lib\site-packages\django\views\generic\base.py", line 70, in view
    return self.dispatch(request, *args, **kwargs)
  File "D:\python_code\code\beichen\lib\site-packages\django\views\generic\base.py", line 98, in dispatch
    return handler(request, *args, **kwargs)
  File "D:\桌面\shixun\shixunblog\users\views.py", line 39, in get
    redis_conn.setex(name='img:%s' % uuid, time=300, value=txt)
  File "D:\python_code\code\beichen\lib\site-packages\redis\client.py", line 1822, in setex
    return self.execute_command('SETEX', name, time, value)
  File "D:\python_code\code\beichen\lib\site-packages\redis\client.py", line 898, in execute_command
    conn = self.connection or pool.get_connection(command_name, **options)
  File "D:\python_code\code\beichen\lib\site-packages\redis\connection.py", line 1192, in get_connection
    connection.connect()
  File "D:\python_code\code\beichen\lib\site-packages\redis\connection.py", line 563, in connect
    raise ConnectionError(self._error_message(e))
redis.exceptions.ConnectionError: Error 10061 connecting to 127.0.0.1:6379. 由于目标计算机积极拒绝，无法连接。.
ERROR 2021-09-26 17:48:04,902 basehttp 161 "GET /imagecode/?uuid=3204b1b6-4ff3-4667-b9fe-794c2b9dba20 HTTP/1.1" 500 116314
ERROR 2021-09-26 17:48:11,758 log 224 Internal Server Error: /imagecode/
Traceback (most recent call last):
  File "D:\python_code\code\beichen\lib\site-packages\redis\connection.py", line 559, in connect
    sock = self._connect()
  File "D:\python_code\code\beichen\lib\site-packages\redis\connection.py", line 615, in _connect
    raise err
  File "D:\python_code\code\beichen\lib\site-packages\redis\connection.py", line 603, in _connect
    sock.connect(socket_address)
ConnectionRefusedError: [WinError 10061] 由于目标计算机积极拒绝，无法连接。

During handling of the above exception, another exception occurred:

Traceback (most recent call last):
  File "D:\python_code\code\beichen\lib\site-packages\django\core\handlers\exception.py", line 47, in inner
    response = get_response(request)
  File "D:\python_code\code\beichen\lib\site-packages\django\core\handlers\base.py", line 181, in _get_response
    response = wrapped_callback(request, *callback_args, **callback_kwargs)
  File "D:\python_code\code\beichen\lib\site-packages\django\views\generic\base.py", line 70, in view
    return self.dispatch(request, *args, **kwargs)
  File "D:\python_code\code\beichen\lib\site-packages\django\views\generic\base.py", line 98, in dispatch
    return handler(request, *args, **kwargs)
  File "D:\桌面\shixun\shixunblog\users\views.py", line 39, in get
    redis_conn.setex(name='img:%s' % uuid, time=300, value=txt)
  File "D:\python_code\code\beichen\lib\site-packages\redis\client.py", line 1822, in setex
    return self.execute_command('SETEX', name, time, value)
  File "D:\python_code\code\beichen\lib\site-packages\redis\client.py", line 898, in execute_command
    conn = self.connection or pool.get_connection(command_name, **options)
  File "D:\python_code\code\beichen\lib\site-packages\redis\connection.py", line 1192, in get_connection
    connection.connect()
  File "D:\python_code\code\beichen\lib\site-packages\redis\connection.py", line 563, in connect
    raise ConnectionError(self._error_message(e))
redis.exceptions.ConnectionError: Error 10061 connecting to 127.0.0.1:6379. 由于目标计算机积极拒绝，无法连接。.
ERROR 2021-09-26 17:48:11,760 basehttp 161 "GET /imagecode/?uuid=3204b1b6-4ff3-4667-b9fe-794c2b9dba20 HTTP/1.1" 500 116689
INFO 2021-09-26 17:49:16,458 autoreload 636 Watching for file changes with StatReloader
WARNING 2021-09-26 17:49:19,714 log 224 Not Found: /
WARNING 2021-09-26 17:49:19,714 basehttp 161 "GET / HTTP/1.1" 404 2296
WARNING 2021-09-26 17:49:19,834 log 224 Not Found: /favicon.ico
WARNING 2021-09-26 17:49:19,835 basehttp 161 "GET /favicon.ico HTTP/1.1" 404 2347
INFO 2021-09-26 17:49:23,192 basehttp 161 "GET /register/ HTTP/1.1" 200 5939
INFO 2021-09-26 17:49:24,026 basehttp 161 "GET /imagecode/?uuid=d9a84a98-93e4-458c-bd81-531f7a87508c HTTP/1.1" 200 2960
INFO 2021-09-26 17:49:26,172 basehttp 161 "GET /register/ HTTP/1.1" 200 5939
INFO 2021-09-26 17:49:26,226 basehttp 161 "GET /imagecode/?uuid=2cad3ac1-1244-4439-a48a-1c03048c6de5 HTTP/1.1" 200 3528
INFO 2021-09-27 08:00:29,807 autoreload 636 Watching for file changes with StatReloader
WARNING 2021-09-27 08:00:34,109 log 224 Not Found: /
WARNING 2021-09-27 08:00:34,124 basehttp 161 "GET / HTTP/1.1" 404 2296
WARNING 2021-09-27 08:00:34,295 log 224 Not Found: /favicon.ico
WARNING 2021-09-27 08:00:34,295 basehttp 161 "GET /favicon.ico HTTP/1.1" 404 2347
INFO 2021-09-27 08:00:38,908 basehttp 161 "GET /register/ HTTP/1.1" 200 5939
INFO 2021-09-27 08:00:38,932 basehttp 161 "GET /static/bootstrap/css/bootstrap.min.css HTTP/1.1" 304 0
INFO 2021-09-27 08:00:38,932 basehttp 161 "GET /static/css/cl-css.css HTTP/1.1" 304 0
INFO 2021-09-27 08:00:38,940 basehttp 161 "GET /static/highlight/styles/railscasts.css HTTP/1.1" 304 0
INFO 2021-09-27 08:00:38,940 basehttp 161 "GET /static/font-awesome/css/font-awesome.min.css HTTP/1.1" 304 0
INFO 2021-09-27 08:00:38,948 basehttp 161 "GET /static/bootstrap/js/bootstrap.min.js HTTP/1.1" 304 0
INFO 2021-09-27 08:00:38,948 basehttp 161 "GET /static/jquery/jquery.min.js HTTP/1.1" 304 0
INFO 2021-09-27 08:00:38,948 basehttp 161 "GET /static/img/logo.jpg HTTP/1.1" 304 0
INFO 2021-09-27 08:00:38,948 basehttp 161 "GET /static/highlight/highlight.pack.js HTTP/1.1" 304 0
INFO 2021-09-27 08:00:41,800 basehttp 161 "GET /imagecode/?uuid=6db99af9-5643-419e-baa9-6ee11c5a6323 HTTP/1.1" 200 3674
INFO 2021-09-27 08:14:05,907 basehttp 161 "GET /register/ HTTP/1.1" 200 5939
INFO 2021-09-27 08:14:06,130 basehttp 161 "GET /imagecode/?uuid=86036a28-c058-4c8d-b2b8-9ea41a7bcaa2 HTTP/1.1" 200 3306
INFO 2021-09-27 08:15:04,076 autoreload 636 Watching for file changes with StatReloader
WARNING 2021-09-27 08:15:06,551 log 224 Not Found: /
WARNING 2021-09-27 08:15:06,559 basehttp 161 "GET / HTTP/1.1" 404 2296
INFO 2021-09-27 08:15:12,818 basehttp 161 "GET /register/ HTTP/1.1" 200 5939
INFO 2021-09-27 08:15:14,183 basehttp 161 "GET /imagecode/?uuid=c1dc6bc3-9d22-483b-ab2a-85c3ccb883a1 HTTP/1.1" 200 3037
INFO 2021-09-27 08:15:18,270 basehttp 161 "GET /register/ HTTP/1.1" 200 5939
INFO 2021-09-27 08:15:18,510 basehttp 161 "GET /imagecode/?uuid=3450672e-daea-4425-98a5-b2dc2f630670 HTTP/1.1" 200 3091
INFO 2021-09-27 08:16:49,368 autoreload 250 D:\桌面\shixun\shixunblog\users\views.py changed, reloading.
INFO 2021-09-27 08:16:51,253 autoreload 636 Watching for file changes with StatReloader
INFO 2021-09-27 08:17:17,073 autoreload 250 D:\桌面\shixun\shixunblog\users\views.py changed, reloading.
INFO 2021-09-27 08:17:18,728 autoreload 636 Watching for file changes with StatReloader
INFO 2021-09-27 08:19:30,586 autoreload 250 D:\桌面\shixun\shixunblog\users\views.py changed, reloading.
INFO 2021-09-27 08:19:32,267 autoreload 636 Watching for file changes with StatReloader
INFO 2021-09-27 08:23:10,964 autoreload 250 D:\桌面\shixun\shixunblog\users\views.py changed, reloading.
INFO 2021-09-27 08:23:12,515 autoreload 636 Watching for file changes with StatReloader
INFO 2021-09-27 09:32:48,091 autoreload 636 Watching for file changes with StatReloader
INFO 2021-09-27 09:33:05,532 autoreload 250 D:\桌面\shixun\shixunblog\libs\tongxun\sms.py changed, reloading.
INFO 2021-09-27 09:33:06,489 autoreload 636 Watching for file changes with StatReloader
INFO 2021-09-27 09:33:18,074 autoreload 636 Watching for file changes with StatReloader
WARNING 2021-09-27 09:33:21,511 log 224 Not Found: /
WARNING 2021-09-27 09:33:21,514 basehttp 161 "GET / HTTP/1.1" 404 2296
INFO 2021-09-27 09:33:24,875 basehttp 161 "GET /register/ HTTP/1.1" 200 5939
INFO 2021-09-27 09:33:26,843 basehttp 161 "GET /imagecode/?uuid=281a7951-1d71-48cb-ae12-0d4217fe510f HTTP/1.1" 200 3010
WARNING 2021-09-27 09:33:36,513 log 224 Not Found: /smscode/
WARNING 2021-09-27 09:33:36,514 basehttp 161 "GET /smscode/?mobile=17868657068&image_code=W3BL&uuid=281a7951-1d71-48cb-ae12-0d4217fe510f HTTP/1.1" 404 2423
WARNING 2021-09-27 09:33:40,066 log 224 Not Found: /smscode/
WARNING 2021-09-27 09:33:40,066 basehttp 161 "GET /smscode/?mobile=17868657068&image_code=W3BL&uuid=281a7951-1d71-48cb-ae12-0d4217fe510f HTTP/1.1" 404 2423
WARNING 2021-09-27 09:33:49,795 log 224 Not Found: /smscode/
WARNING 2021-09-27 09:33:49,796 basehttp 161 "GET /smscode/?mobile=17868657068&image_code=W3BL&uuid=281a7951-1d71-48cb-ae12-0d4217fe510f HTTP/1.1" 404 2423
WARNING 2021-09-27 09:34:06,356 log 224 Not Found: /smscode/
WARNING 2021-09-27 09:34:06,357 basehttp 161 "GET /smscode/?mobile=17868657068&image_code=W3BL&uuid=281a7951-1d71-48cb-ae12-0d4217fe510f HTTP/1.1" 404 2423
INFO 2021-09-27 09:34:15,549 basehttp 161 "GET /register/ HTTP/1.1" 200 5939
INFO 2021-09-27 09:34:15,640 basehttp 161 "GET /imagecode/?uuid=3d72e7e8-ec19-4aa8-aa94-e685f6abae65 HTTP/1.1" 200 3672
WARNING 2021-09-27 09:34:37,959 log 224 Not Found: /smscode/
WARNING 2021-09-27 09:34:37,960 basehttp 161 "GET /smscode/?mobile=17868657068&image_code=KVFW&uuid=3d72e7e8-ec19-4aa8-aa94-e685f6abae65 HTTP/1.1" 404 2423
INFO 2021-09-27 09:35:41,203 autoreload 636 Watching for file changes with StatReloader
INFO 2021-09-27 09:35:51,564 basehttp 161 "GET /register/ HTTP/1.1" 200 5939
INFO 2021-09-27 09:35:51,694 basehttp 161 "GET /imagecode/?uuid=d51e42c4-23e7-4bcc-9ad4-e10d2b5c2cae HTTP/1.1" 200 3259
WARNING 2021-09-27 09:36:06,642 log 224 Not Found: /smscode/
WARNING 2021-09-27 09:36:06,643 basehttp 161 "GET /smscode/?mobile=17868657068&image_code=E4ZR&uuid=d51e42c4-23e7-4bcc-9ad4-e10d2b5c2cae HTTP/1.1" 404 2423
INFO 2021-09-27 09:36:58,978 autoreload 250 D:\桌面\shixun\shixunblog\users\views.py changed, reloading.
INFO 2021-09-27 09:36:59,894 autoreload 636 Watching for file changes with StatReloader
INFO 2021-09-27 09:38:32,393 autoreload 636 Watching for file changes with StatReloader
INFO 2021-09-27 09:40:51,201 autoreload 636 Watching for file changes with StatReloader
INFO 2021-09-27 09:40:57,327 basehttp 161 "GET /register/ HTTP/1.1" 200 5939
INFO 2021-09-27 09:40:57,584 basehttp 161 "GET /imagecode/?uuid=067595a5-89a4-4b68-b62f-9ac02ded0a97 HTTP/1.1" 200 3236
INFO 2021-09-27 09:41:08,352 views 164 短信验证码: 223994
INFO 2021-09-27 09:41:08,674 basehttp 161 "GET /smscode/?mobile=17868657068&image_code=CS6V&uuid=067595a5-89a4-4b68-b62f-9ac02ded0a97 HTTP/1.1" 200 63
INFO 2021-09-27 10:28:27,621 autoreload 636 Watching for file changes with StatReloader
INFO 2021-09-27 10:28:31,765 basehttp 161 "GET /register/ HTTP/1.1" 200 5939
INFO 2021-09-27 10:28:32,034 basehttp 161 "GET /imagecode/?uuid=99fc04ff-2ade-477e-bc90-3c8bc0c60130 HTTP/1.1" 200 2892
INFO 2021-09-27 10:28:58,152 views 164 短信验证码: 921897
INFO 2021-09-27 10:29:03,467 basehttp 161 "GET /smscode/?mobile=17868657068&image_code=DIEQ&uuid=99fc04ff-2ade-477e-bc90-3c8bc0c60130 HTTP/1.1" 200 63
INFO 2021-09-27 10:29:15,224 basehttp 161 "POST /register/ HTTP/1.1" 200 12
INFO 2021-09-27 10:29:20,329 basehttp 161 "GET /register/ HTTP/1.1" 200 5939
INFO 2021-09-27 10:29:20,439 basehttp 161 "GET /imagecode/?uuid=5f489432-6fd6-46db-91f0-3c8a1764f56b HTTP/1.1" 200 3259
INFO 2021-09-27 10:41:23,717 autoreload 636 Watching for file changes with StatReloader
WARNING 2021-09-27 10:41:27,177 log 224 Not Found: /
WARNING 2021-09-27 10:41:27,178 basehttp 161 "GET / HTTP/1.1" 404 2467
INFO 2021-09-27 10:41:32,141 basehttp 161 "GET /register/ HTTP/1.1" 200 5939
INFO 2021-09-27 10:41:33,508 basehttp 161 "GET /imagecode/?uuid=d5fc3dab-d49e-4b50-a8f5-f1f2ccb5d6c9 HTTP/1.1" 200 3425
INFO 2021-09-27 10:42:16,459 views 164 短信验证码: 110491
INFO 2021-09-27 10:42:21,369 basehttp 161 "GET /smscode/?mobile=17868657068&image_code=UJWU&uuid=d5fc3dab-d49e-4b50-a8f5-f1f2ccb5d6c9 HTTP/1.1" 200 63
INFO 2021-09-27 10:42:53,433 basehttp 161 "POST /register/ HTTP/1.1" 200 12
INFO 2021-09-27 11:18:56,512 autoreload 636 Watching for file changes with StatReloader
INFO 2021-09-27 11:19:00,546 basehttp 161 "GET / HTTP/1.1" 200 16150
WARNING 2021-09-27 11:19:00,716 log 224 Not Found: /bootstrap/css/bootstrap.min.css
WARNING 2021-09-27 11:19:00,718 log 224 Not Found: /bootstrap/js/bootstrap.min.js
WARNING 2021-09-27 11:19:00,719 log 224 Not Found: /css/cl-css.css
WARNING 2021-09-27 11:19:00,720 log 224 Not Found: /highlight/styles/railscasts.css
WARNING 2021-09-27 11:19:00,721 log 224 Not Found: /font-awesome/css/font-awesome.min.css
WARNING 2021-09-27 11:19:00,722 basehttp 161 "GET /bootstrap/js/bootstrap.min.js HTTP/1.1" 404 2733
WARNING 2021-09-27 11:19:00,722 basehttp 161 "GET /bootstrap/css/bootstrap.min.css HTTP/1.1" 404 2739
WARNING 2021-09-27 11:19:00,724 log 224 Not Found: /jquery/jquery.min.js
WARNING 2021-09-27 11:19:00,724 basehttp 161 "GET /css/cl-css.css HTTP/1.1" 404 2688
WARNING 2021-09-27 11:19:00,724 basehttp 161 "GET /highlight/styles/railscasts.css HTTP/1.1" 404 2739
WARNING 2021-09-27 11:19:00,725 basehttp 161 "GET /font-awesome/css/font-awesome.min.css HTTP/1.1" 404 2757
WARNING 2021-09-27 11:19:00,746 log 224 Not Found: /img/logo.jpg
WARNING 2021-09-27 11:19:00,750 basehttp 161 "GET /img/logo.jpg HTTP/1.1" 404 2682
WARNING 2021-09-27 11:19:00,755 log 224 Not Found: /temporary-img/recommended-right.jpg
WARNING 2021-09-27 11:19:00,757 basehttp 161 "GET /temporary-img/recommended-right.jpg HTTP/1.1" 404 2751
WARNING 2021-09-27 11:19:00,763 log 224 Not Found: /highlight/highlight.pack.js
WARNING 2021-09-27 11:19:00,764 basehttp 161 "GET /highlight/highlight.pack.js HTTP/1.1" 404 2727
WARNING 2021-09-27 11:19:00,767 basehttp 161 "GET /jquery/jquery.min.js HTTP/1.1" 404 2706
WARNING 2021-09-27 11:19:00,797 log 224 Not Found: /temporary-img/recommended.jpg
WARNING 2021-09-27 11:19:00,802 log 224 Not Found: /temporary-img/recommended-left.jpg
WARNING 2021-09-27 11:19:00,803 log 224 Not Found: /temporary-img/list-image3.jpg
WARNING 2021-09-27 11:19:00,803 log 224 Not Found: /temporary-img/code.jpg
WARNING 2021-09-27 11:19:00,804 log 224 Not Found: /temporary-img/list-image2.jpg
WARNING 2021-09-27 11:19:00,805 basehttp 161 "GET /temporary-img/recommended.jpg HTTP/1.1" 404 2733
WARNING 2021-09-27 11:19:00,806 basehttp 161 "GET /temporary-img/recommended-left.jpg HTTP/1.1" 404 2748
WARNING 2021-09-27 11:19:00,806 basehttp 161 "GET /temporary-img/list-image3.jpg HTTP/1.1" 404 2733
WARNING 2021-09-27 11:19:00,807 log 224 Not Found: /temporary-img/list-image1.jpg
WARNING 2021-09-27 11:19:00,808 basehttp 161 "GET /temporary-img/code.jpg HTTP/1.1" 404 2712
WARNING 2021-09-27 11:19:00,808 basehttp 161 "GET /temporary-img/list-image2.jpg HTTP/1.1" 404 2733
WARNING 2021-09-27 11:19:00,814 basehttp 161 "GET /temporary-img/list-image1.jpg HTTP/1.1" 404 2733
WARNING 2021-09-27 11:19:00,816 log 224 Not Found: /temporary-img/list-right.jpg
WARNING 2021-09-27 11:19:00,816 basehttp 161 "GET /temporary-img/list-right.jpg HTTP/1.1" 404 2730
WARNING 2021-09-27 11:19:00,853 log 224 Not Found: /bootstrap/js/bootstrap.min.js
WARNING 2021-09-27 11:19:00,855 basehttp 161 "GET /bootstrap/js/bootstrap.min.js HTTP/1.1" 404 2733
WARNING 2021-09-27 11:19:00,862 log 224 Not Found: /highlight/highlight.pack.js
WARNING 2021-09-27 11:19:00,862 basehttp 161 "GET /highlight/highlight.pack.js HTTP/1.1" 404 2727
INFO 2021-09-27 11:19:14,588 basehttp 161 "GET /register/ HTTP/1.1" 200 5939
INFO 2021-09-27 11:19:15,708 basehttp 161 "GET /imagecode/?uuid=46a285ec-0fa5-461a-8ee1-33f6af3de148 HTTP/1.1" 200 2995
INFO 2021-09-27 11:19:33,312 views 164 短信验证码: 026263
INFO 2021-09-27 11:19:38,411 basehttp 161 "GET /smscode/?mobile=17868657068&image_code=ERP8&uuid=46a285ec-0fa5-461a-8ee1-33f6af3de148 HTTP/1.1" 200 63
INFO 2021-09-27 11:19:42,204 basehttp 161 "POST /register/ HTTP/1.1" 302 0
INFO 2021-09-27 11:19:42,212 basehttp 161 "GET / HTTP/1.1" 200 16150
WARNING 2021-09-27 11:19:42,243 log 224 Not Found: /bootstrap/css/bootstrap.min.css
WARNING 2021-09-27 11:19:42,244 log 224 Not Found: /css/cl-css.css
WARNING 2021-09-27 11:19:42,245 log 224 Not Found: /font-awesome/css/font-awesome.min.css
WARNING 2021-09-27 11:19:42,245 log 224 Not Found: /jquery/jquery.min.js
WARNING 2021-09-27 11:19:42,246 log 224 Not Found: /bootstrap/js/bootstrap.min.js
WARNING 2021-09-27 11:19:42,247 log 224 Not Found: /highlight/styles/railscasts.css
WARNING 2021-09-27 11:19:42,248 basehttp 161 "GET /css/cl-css.css HTTP/1.1" 404 2688
WARNING 2021-09-27 11:19:42,249 basehttp 161 "GET /bootstrap/css/bootstrap.min.css HTTP/1.1" 404 2739
WARNING 2021-09-27 11:19:42,249 basehttp 161 "GET /font-awesome/css/font-awesome.min.css HTTP/1.1" 404 2757
WARNING 2021-09-27 11:19:42,249 basehttp 161 "GET /jquery/jquery.min.js HTTP/1.1" 404 2706
WARNING 2021-09-27 11:19:42,250 basehttp 161 "GET /highlight/styles/railscasts.css HTTP/1.1" 404 2739
WARNING 2021-09-27 11:19:42,250 basehttp 161 "GET /bootstrap/js/bootstrap.min.js HTTP/1.1" 404 2733
WARNING 2021-09-27 11:19:42,269 log 224 Not Found: /highlight/highlight.pack.js
WARNING 2021-09-27 11:19:42,269 basehttp 161 "GET /highlight/highlight.pack.js HTTP/1.1" 404 2727
WARNING 2021-09-27 11:19:42,270 log 224 Not Found: /temporary-img/recommended-right.jpg
WARNING 2021-09-27 11:19:42,270 log 224 Not Found: /temporary-img/list-image1.jpg
WARNING 2021-09-27 11:19:42,271 log 224 Not Found: /img/logo.jpg
WARNING 2021-09-27 11:19:42,274 log 224 Not Found: /temporary-img/recommended-left.jpg
WARNING 2021-09-27 11:19:42,274 log 224 Not Found: /temporary-img/recommended.jpg
WARNING 2021-09-27 11:19:42,276 basehttp 161 "GET /img/logo.jpg HTTP/1.1" 404 2682
WARNING 2021-09-27 11:19:42,276 basehttp 161 "GET /temporary-img/list-image1.jpg HTTP/1.1" 404 2733
WARNING 2021-09-27 11:19:42,277 basehttp 161 "GET /temporary-img/recommended-left.jpg HTTP/1.1" 404 2748
WARNING 2021-09-27 11:19:42,277 basehttp 161 "GET /temporary-img/recommended-right.jpg HTTP/1.1" 404 2751
WARNING 2021-09-27 11:19:42,280 log 224 Not Found: /bootstrap/js/bootstrap.min.js
WARNING 2021-09-27 11:19:42,283 basehttp 161 "GET /temporary-img/recommended.jpg HTTP/1.1" 404 2733
WARNING 2021-09-27 11:19:42,290 basehttp 161 "GET /bootstrap/js/bootstrap.min.js HTTP/1.1" 404 2733
WARNING 2021-09-27 11:19:42,295 log 224 Not Found: /temporary-img/list-image2.jpg
WARNING 2021-09-27 11:19:42,296 log 224 Not Found: /temporary-img/code.jpg
WARNING 2021-09-27 11:19:42,297 log 224 Not Found: /temporary-img/list-right.jpg
WARNING 2021-09-27 11:19:42,299 log 224 Not Found: /highlight/highlight.pack.js
WARNING 2021-09-27 11:19:42,300 basehttp 161 "GET /temporary-img/list-image2.jpg HTTP/1.1" 404 2733
WARNING 2021-09-27 11:19:42,301 log 224 Not Found: /temporary-img/list-image3.jpg
WARNING 2021-09-27 11:19:42,301 basehttp 161 "GET /temporary-img/code.jpg HTTP/1.1" 404 2712
WARNING 2021-09-27 11:19:42,302 basehttp 161 "GET /temporary-img/list-right.jpg HTTP/1.1" 404 2730
WARNING 2021-09-27 11:19:42,303 basehttp 161 "GET /highlight/highlight.pack.js HTTP/1.1" 404 2727
WARNING 2021-09-27 11:19:42,304 basehttp 161 "GET /temporary-img/list-image3.jpg HTTP/1.1" 404 2733
INFO 2021-09-27 11:35:22,078 autoreload 636 Watching for file changes with StatReloader
INFO 2021-09-27 11:35:24,753 basehttp 161 "GET / HTTP/1.1" 200 16722
INFO 2021-09-27 11:35:24,794 basehttp 161 "GET /static/temporary-img/recommended.jpg HTTP/1.1" 304 0
INFO 2021-09-27 11:35:24,794 basehttp 161 "GET /static/temporary-img/recommended-left.jpg HTTP/1.1" 304 0
INFO 2021-09-27 11:35:24,798 basehttp 161 "GET /static/temporary-img/recommended-right.jpg HTTP/1.1" 304 0
INFO 2021-09-27 11:35:24,798 basehttp 161 "GET /static/temporary-img/list-image1.jpg HTTP/1.1" 304 0
INFO 2021-09-27 11:35:24,799 basehttp 161 "GET /static/temporary-img/list-image2.jpg HTTP/1.1" 304 0
INFO 2021-09-27 11:35:24,803 basehttp 161 "GET /static/temporary-img/list-image3.jpg HTTP/1.1" 304 0
INFO 2021-09-27 11:35:24,804 basehttp 161 "GET /static/temporary-img/list-right.jpg HTTP/1.1" 304 0
INFO 2021-09-27 11:35:24,804 basehttp 161 "GET /static/temporary-img/code.jpg HTTP/1.1" 304 0
INFO 2021-09-27 11:35:24,912 basehttp 161 "GET /static/font-awesome/fonts/fontawesome-webfont.woff2?v=4.7.0 HTTP/1.1" 304 0
INFO 2021-09-27 11:35:36,943 basehttp 161 "GET / HTTP/1.1" 200 16722
INFO 2021-09-27 11:35:59,462 basehttp 161 "GET /register/ HTTP/1.1" 200 5939
INFO 2021-09-27 11:36:00,615 basehttp 161 "GET /imagecode/?uuid=738bc400-b397-4bfc-9b95-d97f05a4c09a HTTP/1.1" 200 3465
INFO 2021-09-27 11:38:22,535 basehttp 161 "GET /imagecode/?uuid=7fd6987e-6edc-45f8-a167-8e94d844b937 HTTP/1.1" 200 3129
INFO 2021-09-27 11:38:41,696 views 167 短信验证码: 672111
INFO 2021-09-27 11:38:46,842 basehttp 161 "GET /smscode/?mobile=17868657068&image_code=5HKO&uuid=7fd6987e-6edc-45f8-a167-8e94d844b937 HTTP/1.1" 200 63
WARNING 2021-09-27 11:38:52,580 log 224 Bad Request: /register/
WARNING 2021-09-27 11:38:52,581 basehttp 161 "POST /register/ HTTP/1.1" 400 30
INFO 2021-09-27 11:38:54,171 basehttp 161 "GET /imagecode/?uuid=ed62ec6c-3fd2-4549-b582-c2e29fe2a6bc HTTP/1.1" 200 2826
INFO 2021-09-27 11:39:07,410 basehttp 161 "POST /register/ HTTP/1.1" 302 0
INFO 2021-09-27 11:39:07,418 basehttp 161 "GET / HTTP/1.1" 200 16722
WARNING 2021-09-27 11:39:13,996 basehttp 161 "GET /static/bootstrap/js/bootstrap.min.js.map HTTP/1.1" 404 1727
WARNING 2021-09-27 11:39:13,998 basehttp 161 "GET /static/bootstrap/css/bootstrap.min.css.map HTTP/1.1" 404 1733
INFO 2021-09-27 11:42:59,183 autoreload 250 D:\桌面\shixun\shixunblog\users\views.py changed, reloading.
INFO 2021-09-27 11:43:03,741 autoreload 636 Watching for file changes with StatReloader
INFO 2021-09-27 11:44:39,801 autoreload 250 D:\桌面\shixun\shixunblog\users\views.py changed, reloading.
INFO 2021-09-27 11:44:41,038 autoreload 636 Watching for file changes with StatReloader
INFO 2021-09-27 11:45:27,768 autoreload 250 D:\桌面\shixun\shixunblog\users\views.py changed, reloading.
INFO 2021-09-27 11:45:28,757 autoreload 636 Watching for file changes with StatReloader
INFO 2021-09-27 11:49:22,763 autoreload 250 D:\桌面\shixun\shixunblog\users\views.py changed, reloading.
INFO 2021-09-27 11:49:23,949 autoreload 636 Watching for file changes with StatReloader
INFO 2021-09-27 11:49:33,375 autoreload 636 Watching for file changes with StatReloader
INFO 2021-09-27 11:49:55,619 basehttp 161 "GET /register/ HTTP/1.1" 200 5939
WARNING 2021-09-27 11:49:56,047 basehttp 161 "GET /static/bootstrap/css/bootstrap.min.css.map HTTP/1.1" 404 1733
WARNING 2021-09-27 11:49:56,047 basehttp 161 "GET /static/bootstrap/js/bootstrap.min.js.map HTTP/1.1" 404 1727
WARNING 2021-09-27 11:49:56,049 basehttp 161 "GET /static/vue/axios.min.map HTTP/1.1" 404 1679
INFO 2021-09-27 11:49:56,189 basehttp 161 "GET /imagecode/?uuid=7ed0e120-da46-4c26-af03-2d533274967a HTTP/1.1" 200 3376
INFO 2021-09-27 11:50:26,919 views 172 短信验证码: 890557
INFO 2021-09-27 11:50:32,014 basehttp 161 "GET /smscode/?mobile=17868657068&image_code=GRKC&uuid=7ed0e120-da46-4c26-af03-2d533274967a HTTP/1.1" 200 63
INFO 2021-09-27 11:50:35,250 basehttp 161 "POST /register/ HTTP/1.1" 302 0
INFO 2021-09-27 11:50:35,287 basehttp 161 "GET / HTTP/1.1" 200 16722
INFO 2021-09-27 11:51:21,762 basehttp 161 "GET /static/calmlog-details.html HTTP/1.1" 200 12931
INFO 2021-09-27 11:51:21,796 basehttp 161 "GET /static/img/portrait.png HTTP/1.1" 200 12233
INFO 2021-09-27 11:51:21,855 basehttp 161 "GET /static/temporary-img/artical-img2.jpg HTTP/1.1" 200 3097845
INFO 2021-09-27 11:51:21,866 basehttp 161 "GET /static/temporary-img/artical-img1.jpg HTTP/1.1" 200 572306
INFO 2021-09-28 08:20:49,432 autoreload 636 Watching for file changes with StatReloader
INFO 2021-09-28 08:21:31,367 basehttp 161 "GET / HTTP/1.1" 200 16722
INFO 2021-09-28 08:21:31,416 basehttp 161 "GET /static/font-awesome/css/font-awesome.min.css HTTP/1.1" 304 0
INFO 2021-09-28 08:21:31,416 basehttp 161 "GET /static/bootstrap/css/bootstrap.min.css HTTP/1.1" 304 0
INFO 2021-09-28 08:21:31,425 basehttp 161 "GET /static/highlight/styles/railscasts.css HTTP/1.1" 304 0
INFO 2021-09-28 08:21:31,430 basehttp 161 "GET /static/highlight/highlight.pack.js HTTP/1.1" 304 0
INFO 2021-09-28 08:21:31,469 basehttp 161 "GET /static/css/cl-css.css HTTP/1.1" 304 0
INFO 2021-09-28 08:21:31,471 basehttp 161 "GET /static/jquery/jquery.min.js HTTP/1.1" 304 0
INFO 2021-09-28 08:21:31,472 basehttp 161 "GET /static/img/logo.jpg HTTP/1.1" 304 0
INFO 2021-09-28 08:21:31,474 basehttp 161 "GET /static/bootstrap/js/bootstrap.min.js HTTP/1.1" 304 0
INFO 2021-09-28 08:21:31,494 basehttp 161 "GET /static/temporary-img/recommended-left.jpg HTTP/1.1" 304 0
INFO 2021-09-28 08:21:31,495 basehttp 161 "GET /static/temporary-img/recommended-right.jpg HTTP/1.1" 304 0
INFO 2021-09-28 08:21:31,495 basehttp 161 "GET /static/temporary-img/list-image3.jpg HTTP/1.1" 304 0
INFO 2021-09-28 08:21:31,496 basehttp 161 "GET /static/temporary-img/list-image2.jpg HTTP/1.1" 304 0
INFO 2021-09-28 08:21:31,498 basehttp 161 "GET /static/temporary-img/recommended.jpg HTTP/1.1" 304 0
INFO 2021-09-28 08:21:31,504 basehttp 161 "GET /static/temporary-img/list-image1.jpg HTTP/1.1" 304 0
INFO 2021-09-28 08:21:31,505 basehttp 161 "GET /static/temporary-img/list-right.jpg HTTP/1.1" 304 0
INFO 2021-09-28 08:21:31,505 basehttp 161 "GET /static/temporary-img/code.jpg HTTP/1.1" 304 0
INFO 2021-09-28 08:21:31,660 basehttp 161 "GET /static/font-awesome/fonts/fontawesome-webfont.woff2?v=4.7.0 HTTP/1.1" 304 0
WARNING 2021-09-28 08:21:31,832 log 224 Not Found: /favicon.ico
WARNING 2021-09-28 08:21:31,833 basehttp 161 "GET /favicon.ico HTTP/1.1" 404 2679
INFO 2021-09-28 08:21:37,240 basehttp 161 "GET /register/ HTTP/1.1" 200 5939
INFO 2021-09-28 08:21:37,626 basehttp 161 "GET /imagecode/?uuid=231fcb39-dfe1-40c2-b058-a10d4ca251df HTTP/1.1" 200 3279
ERROR 2021-09-28 08:22:01,625 log 224 Internal Server Error: /smscode/
Traceback (most recent call last):
  File "D:\python_code\code\beichen\lib\site-packages\django\core\handlers\exception.py", line 47, in inner
    response = get_response(request)
  File "D:\python_code\code\beichen\lib\site-packages\django\core\handlers\base.py", line 181, in _get_response
    response = wrapped_callback(request, *callback_args, **callback_kwargs)
  File "D:\python_code\code\beichen\lib\site-packages\django\views\generic\base.py", line 70, in view
    return self.dispatch(request, *args, **kwargs)
  File "D:\python_code\code\beichen\lib\site-packages\django\views\generic\base.py", line 98, in dispatch
    return handler(request, *args, **kwargs)
  File "D:\桌面\shixun\shixunblog\users\views.py", line 168, in get
    return JsonResponse({'code': RETCODE.IMAGECODEERR, 'errmsg': '图片验证码错误'})
AttributeError: type object 'RETCODE' has no attribute 'IMAGECODEERR'
ERROR 2021-09-28 08:22:01,626 basehttp 161 "GET /smscode/?mobile=17868657068&image_code=Y4KY&uuid=231fcb39-dfe1-40c2-b058-a10d4ca251df HTTP/1.1" 500 82346
INFO 2021-09-28 08:22:04,458 basehttp 161 "GET /imagecode/?uuid=1e7a4f42-a896-4ae6-b182-8e7346d5a2e5 HTTP/1.1" 200 3343
INFO 2021-09-28 08:22:10,592 views 172 短信验证码: 648884
INFO 2021-09-28 08:22:16,298 basehttp 161 "GET /smscode/?mobile=17868657068&image_code=OJVW&uuid=1e7a4f42-a896-4ae6-b182-8e7346d5a2e5 HTTP/1.1" 200 63
INFO 2021-09-28 08:22:24,339 basehttp 161 "POST /register/ HTTP/1.1" 302 0
INFO 2021-09-28 08:22:24,346 basehttp 161 "GET / HTTP/1.1" 200 16722
INFO 2021-09-28 08:34:44,998 autoreload 636 Watching for file changes with StatReloader
INFO 2021-09-28 08:36:00,168 autoreload 636 Watching for file changes with StatReloader
INFO 2021-09-28 08:36:03,536 basehttp 161 "GET / HTTP/1.1" 200 16722
WARNING 2021-09-28 08:36:03,990 log 224 Not Found: /favicon.ico
WARNING 2021-09-28 08:36:03,990 basehttp 161 "GET /favicon.ico HTTP/1.1" 404 2846
INFO 2021-09-28 08:36:10,330 basehttp 161 "GET /login HTTP/1.1" 301 0
INFO 2021-09-28 08:36:10,377 basehttp 161 "GET /login/ HTTP/1.1" 200 4359
INFO 2021-09-28 08:37:09,977 autoreload 250 D:\桌面\shixun\shixunblog\templates\login.html changed, reloading.
INFO 2021-09-28 08:37:11,100 autoreload 636 Watching for file changes with StatReloader
INFO 2021-09-28 08:38:47,136 autoreload 250 D:\桌面\shixun\shixunblog\templates\login.html changed, reloading.
INFO 2021-09-28 08:38:48,128 autoreload 636 Watching for file changes with StatReloader
INFO 2021-09-28 08:38:48,326 basehttp 161 "GET /login/ HTTP/1.1" 200 3949
INFO 2021-09-28 08:43:13,093 autoreload 250 D:\桌面\shixun\shixunblog\templates\login.html changed, reloading.
INFO 2021-09-28 08:43:17,482 autoreload 636 Watching for file changes with StatReloader
INFO 2021-09-28 08:45:57,606 autoreload 250 D:\桌面\shixun\shixunblog\templates\login.html changed, reloading.
INFO 2021-09-28 08:45:58,731 autoreload 636 Watching for file changes with StatReloader
INFO 2021-09-28 08:46:57,920 autoreload 250 D:\桌面\shixun\shixunblog\templates\login.html changed, reloading.
INFO 2021-09-28 08:46:59,016 autoreload 636 Watching for file changes with StatReloader
INFO 2021-09-28 08:46:59,280 basehttp 161 "GET /login/ HTTP/1.1" 200 4098
WARNING 2021-09-28 08:47:12,124 base 101 Method Not Allowed (POST): /login/
WARNING 2021-09-28 08:47:12,124 log 224 Method Not Allowed: /login/
WARNING 2021-09-28 08:47:12,124 basehttp 161 "POST /login/ HTTP/1.1" 405 0
INFO 2021-09-28 08:47:25,956 autoreload 636 Watching for file changes with StatReloader
WARNING 2021-09-28 08:47:30,874 base 101 Method Not Allowed (POST): /login/
WARNING 2021-09-28 08:47:30,874 log 224 Method Not Allowed: /login/
WARNING 2021-09-28 08:47:30,875 basehttp 161 "POST /login/ HTTP/1.1" 405 0
WARNING 2021-09-28 08:47:33,632 base 101 Method Not Allowed (POST): /login/
WARNING 2021-09-28 08:47:33,632 log 224 Method Not Allowed: /login/
WARNING 2021-09-28 08:47:33,634 basehttp 161 "POST /login/ HTTP/1.1" 405 0
INFO 2021-09-28 08:47:37,615 basehttp 161 "GET / HTTP/1.1" 200 16722
INFO 2021-09-28 08:47:45,639 basehttp 161 "GET /login/ HTTP/1.1" 200 4098
WARNING 2021-09-28 08:47:58,816 base 101 Method Not Allowed (POST): /login/
WARNING 2021-09-28 08:47:58,816 log 224 Method Not Allowed: /login/
WARNING 2021-09-28 08:47:58,817 basehttp 161 "POST /login/ HTTP/1.1" 405 0
INFO 2021-09-28 08:48:08,787 basehttp 161 "GET /login/ HTTP/1.1" 200 4098
INFO 2021-09-28 09:28:31,440 autoreload 250 D:\桌面\shixun\shixunblog\users\views.py changed, reloading.
INFO 2021-09-28 09:28:32,707 autoreload 636 Watching for file changes with StatReloader
INFO 2021-09-28 09:37:31,342 autoreload 250 D:\桌面\shixun\shixunblog\users\views.py changed, reloading.
INFO 2021-09-28 09:37:32,411 autoreload 636 Watching for file changes with StatReloader
INFO 2021-09-28 10:22:27,482 autoreload 250 D:\桌面\shixun\shixunblog\users\views.py changed, reloading.
INFO 2021-09-28 10:22:32,351 autoreload 636 Watching for file changes with StatReloader
INFO 2021-09-28 10:25:17,115 autoreload 250 D:\桌面\shixun\shixunblog\users\views.py changed, reloading.
INFO 2021-09-28 10:25:18,331 autoreload 636 Watching for file changes with StatReloader
INFO 2021-09-28 10:27:09,281 autoreload 250 D:\桌面\shixun\shixunblog\users\views.py changed, reloading.
INFO 2021-09-28 10:27:10,352 autoreload 636 Watching for file changes with StatReloader
INFO 2021-09-28 10:29:43,162 autoreload 250 D:\桌面\shixun\shixunblog\users\views.py changed, reloading.
INFO 2021-09-28 10:29:44,254 autoreload 636 Watching for file changes with StatReloader
INFO 2021-09-28 10:32:44,816 autoreload 250 D:\桌面\shixun\shixunblog\users\views.py changed, reloading.
INFO 2021-09-28 10:32:46,026 autoreload 636 Watching for file changes with StatReloader
INFO 2021-09-28 10:33:28,415 autoreload 250 D:\桌面\shixun\shixunblog\users\views.py changed, reloading.
INFO 2021-09-28 10:33:29,690 autoreload 636 Watching for file changes with StatReloader
INFO 2021-09-28 10:33:34,958 autoreload 636 Watching for file changes with StatReloader
INFO 2021-09-28 10:33:40,150 basehttp 161 "GET / HTTP/1.1" 200 16722
WARNING 2021-09-28 10:33:40,515 log 224 Not Found: /favicon.ico
WARNING 2021-09-28 10:33:40,516 basehttp 161 "GET /favicon.ico HTTP/1.1" 404 2846
INFO 2021-09-28 10:33:44,157 basehttp 161 "GET /login/ HTTP/1.1" 200 4098
ERROR 2021-09-28 10:33:53,234 log 224 Internal Server Error: /login/
Traceback (most recent call last):
  File "D:\python_code\code\beichen\lib\site-packages\django\core\handlers\exception.py", line 47, in inner
    response = get_response(request)
  File "D:\python_code\code\beichen\lib\site-packages\django\core\handlers\base.py", line 181, in _get_response
    response = wrapped_callback(request, *callback_args, **callback_kwargs)
  File "D:\python_code\code\beichen\lib\site-packages\django\views\generic\base.py", line 70, in view
    return self.dispatch(request, *args, **kwargs)
  File "D:\python_code\code\beichen\lib\site-packages\django\views\generic\base.py", line 98, in dispatch
    return handler(request, *args, **kwargs)
  File "D:\桌面\shixun\shixunblog\users\views.py", line 189, in post
    if not all(username,password):
TypeError: all() takes exactly one argument (2 given)
ERROR 2021-09-28 10:33:53,236 basehttp 161 "POST /login/ HTTP/1.1" 500 81678
INFO 2021-09-28 10:34:20,501 basehttp 161 "GET /login/ HTTP/1.1" 200 4098
INFO 2021-09-28 10:34:21,003 basehttp 161 "GET /login/ HTTP/1.1" 200 4098
INFO 2021-09-28 10:34:21,169 basehttp 161 "GET /login/ HTTP/1.1" 200 4098
INFO 2021-09-28 10:34:21,353 basehttp 161 "GET /login/ HTTP/1.1" 200 4098
INFO 2021-09-28 10:34:21,547 basehttp 161 "GET /login/ HTTP/1.1" 200 4098
INFO 2021-09-28 10:34:23,648 basehttp 161 "GET /register/ HTTP/1.1" 200 5939
INFO 2021-09-28 10:34:24,068 basehttp 161 "GET /imagecode/?uuid=caad833a-55b5-450c-8b2d-30688690024a HTTP/1.1" 200 3283
INFO 2021-09-28 10:34:36,369 basehttp 161 "GET /imagecode/?uuid=c277f23f-92b7-483e-9729-b8515e68b8ed HTTP/1.1" 200 3252
ERROR 2021-09-28 10:34:42,643 log 224 Internal Server Error: /smscode/
Traceback (most recent call last):
  File "D:\python_code\code\beichen\lib\site-packages\django\core\handlers\exception.py", line 47, in inner
    response = get_response(request)
  File "D:\python_code\code\beichen\lib\site-packages\django\core\handlers\base.py", line 181, in _get_response
    response = wrapped_callback(request, *callback_args, **callback_kwargs)
  File "D:\python_code\code\beichen\lib\site-packages\django\views\generic\base.py", line 70, in view
    return self.dispatch(request, *args, **kwargs)
  File "D:\python_code\code\beichen\lib\site-packages\django\views\generic\base.py", line 98, in dispatch
    return handler(request, *args, **kwargs)
  File "D:\桌面\shixun\shixunblog\users\views.py", line 168, in get
    return JsonResponse({'code': RETCODE.IMAGECODEERR, 'errmsg': '图片验证码错误'})
AttributeError: type object 'RETCODE' has no attribute 'IMAGECODEERR'
ERROR 2021-09-28 10:34:42,677 basehttp 161 "GET /smscode/?mobile=17868657068&image_code=BP6T&uuid=c277f23f-92b7-483e-9729-b8515e68b8ed HTTP/1.1" 500 82346
ERROR 2021-09-28 10:34:52,777 log 224 Internal Server Error: /smscode/
Traceback (most recent call last):
  File "D:\python_code\code\beichen\lib\site-packages\django\core\handlers\exception.py", line 47, in inner
    response = get_response(request)
  File "D:\python_code\code\beichen\lib\site-packages\django\core\handlers\base.py", line 181, in _get_response
    response = wrapped_callback(request, *callback_args, **callback_kwargs)
  File "D:\python_code\code\beichen\lib\site-packages\django\views\generic\base.py", line 70, in view
    return self.dispatch(request, *args, **kwargs)
  File "D:\python_code\code\beichen\lib\site-packages\django\views\generic\base.py", line 98, in dispatch
    return handler(request, *args, **kwargs)
  File "D:\桌面\shixun\shixunblog\users\views.py", line 159, in get
    return JsonResponse({'code': RETCODE.IMAGECODEERR, 'errmsg': '图片验证码已过期'})
AttributeError: type object 'RETCODE' has no attribute 'IMAGECODEERR'
ERROR 2021-09-28 10:34:52,778 basehttp 161 "GET /smscode/?mobile=17868657068&image_code=BP6T&uuid=c277f23f-92b7-483e-9729-b8515e68b8ed HTTP/1.1" 500 82231
INFO 2021-09-28 10:35:16,737 basehttp 161 "GET /imagecode/?uuid=6bbb4590-42cf-425f-9ad7-cbfc3acb9d9a HTTP/1.1" 200 3209
INFO 2021-09-28 10:35:17,909 basehttp 161 "GET /imagecode/?uuid=28e89ae5-d7a6-4357-bdea-b22bd57be2ca HTTP/1.1" 200 3272
INFO 2021-09-28 10:35:18,739 basehttp 161 "GET /imagecode/?uuid=938c7ffd-e06a-4750-9546-9b1baf54570d HTTP/1.1" 200 3335
INFO 2021-09-28 10:35:24,421 views 172 短信验证码: 836652
INFO 2021-09-28 10:35:24,912 basehttp 161 "GET /smscode/?mobile=17868657068&image_code=CXPK&uuid=938c7ffd-e06a-4750-9546-9b1baf54570d HTTP/1.1" 200 63
INFO 2021-09-28 10:35:35,239 basehttp 161 "POST /register/ HTTP/1.1" 302 0
INFO 2021-09-28 10:35:35,245 basehttp 161 "GET / HTTP/1.1" 200 16722
INFO 2021-09-28 10:35:39,882 basehttp 161 "GET /login/ HTTP/1.1" 200 4098
ERROR 2021-09-28 10:35:48,823 log 224 Internal Server Error: /login/
Traceback (most recent call last):
  File "D:\python_code\code\beichen\lib\site-packages\django\core\handlers\exception.py", line 47, in inner
    response = get_response(request)
  File "D:\python_code\code\beichen\lib\site-packages\django\core\handlers\base.py", line 181, in _get_response
    response = wrapped_callback(request, *callback_args, **callback_kwargs)
  File "D:\python_code\code\beichen\lib\site-packages\django\views\generic\base.py", line 70, in view
    return self.dispatch(request, *args, **kwargs)
  File "D:\python_code\code\beichen\lib\site-packages\django\views\generic\base.py", line 98, in dispatch
    return handler(request, *args, **kwargs)
  File "D:\桌面\shixun\shixunblog\users\views.py", line 189, in post
    if not all(username,password):
TypeError: all() takes exactly one argument (2 given)
ERROR 2021-09-28 10:35:48,824 basehttp 161 "POST /login/ HTTP/1.1" 500 81825
INFO 2021-09-28 10:36:57,063 autoreload 250 D:\桌面\shixun\shixunblog\users\views.py changed, reloading.
INFO 2021-09-28 10:36:58,244 autoreload 636 Watching for file changes with StatReloader
WARNING 2021-09-28 10:36:59,719 basehttp 161 "GET /static/bootstrap/css/bootstrap.min.css.map HTTP/1.1" 404 1733
WARNING 2021-09-28 10:36:59,744 basehttp 161 "GET /static/vue/axios.min.map HTTP/1.1" 404 1679
WARNING 2021-09-28 10:36:59,760 basehttp 161 "GET /static/bootstrap/js/bootstrap.min.js.map HTTP/1.1" 404 1727
INFO 2021-09-28 10:37:00,414 basehttp 161 "GET /login/ HTTP/1.1" 200 4098
WARNING 2021-09-28 10:37:00,520 basehttp 161 "GET /static/bootstrap/css/bootstrap.min.css.map HTTP/1.1" 404 1733
WARNING 2021-09-28 10:37:00,550 basehttp 161 "GET /static/bootstrap/js/bootstrap.min.js.map HTTP/1.1" 404 1727
WARNING 2021-09-28 10:37:00,553 basehttp 161 "GET /static/vue/axios.min.map HTTP/1.1" 404 1679
INFO 2021-09-28 10:37:07,136 basehttp 161 "POST /login/ HTTP/1.1" 200 4098
WARNING 2021-09-28 10:37:07,218 basehttp 161 "GET /static/bootstrap/css/bootstrap.min.css.map HTTP/1.1" 404 1733
WARNING 2021-09-28 10:37:07,260 basehttp 161 "GET /static/bootstrap/js/bootstrap.min.js.map HTTP/1.1" 404 1727
WARNING 2021-09-28 10:37:07,263 basehttp 161 "GET /static/vue/axios.min.map HTTP/1.1" 404 1679
INFO 2021-09-28 10:37:24,948 basehttp 161 "POST /login/ HTTP/1.1" 200 4098
WARNING 2021-09-28 10:37:25,051 basehttp 161 "GET /static/bootstrap/js/bootstrap.min.js.map HTTP/1.1" 404 1727
WARNING 2021-09-28 10:37:25,063 basehttp 161 "GET /static/vue/axios.min.map HTTP/1.1" 404 1679
WARNING 2021-09-28 10:37:25,066 basehttp 161 "GET /static/bootstrap/css/bootstrap.min.css.map HTTP/1.1" 404 1733
INFO 2021-09-28 10:39:22,657 autoreload 636 Watching for file changes with StatReloader
ERROR 2021-09-28 10:39:30,578 log 224 Internal Server Error: /login/
Traceback (most recent call last):
  File "D:\python_code\code\beichen\lib\site-packages\django\core\handlers\exception.py", line 47, in inner
    response = get_response(request)
  File "D:\python_code\code\beichen\lib\site-packages\django\core\handlers\base.py", line 181, in _get_response
    response = wrapped_callback(request, *callback_args, **callback_kwargs)
  File "D:\python_code\code\beichen\lib\site-packages\django\views\generic\base.py", line 70, in view
    return self.dispatch(request, *args, **kwargs)
  File "D:\python_code\code\beichen\lib\site-packages\django\views\generic\base.py", line 98, in dispatch
    return handler(request, *args, **kwargs)
  File "D:\桌面\shixun\shixunblog\users\views.py", line 200, in post
    resp=redirect(reverse('home: index'))
  File "D:\python_code\code\beichen\lib\site-packages\django\urls\base.py", line 86, in reverse
    return resolver._reverse_with_prefix(view, prefix, *args, **kwargs)
  File "D:\python_code\code\beichen\lib\site-packages\django\urls\resolvers.py", line 694, in _reverse_with_prefix
    raise NoReverseMatch(msg)
django.urls.exceptions.NoReverseMatch: Reverse for ' index' not found. ' index' is not a valid view function or pattern name.
ERROR 2021-09-28 10:39:30,580 basehttp 161 "POST /login/ HTTP/1.1" 500 93330
INFO 2021-09-28 10:40:30,949 autoreload 636 Watching for file changes with StatReloader
WARNING 2021-09-28 10:40:33,607 log 224 Forbidden (CSRF token missing or incorrect.): /login/
WARNING 2021-09-28 10:40:33,607 basehttp 161 "POST /login/ HTTP/1.1" 403 2519
WARNING 2021-09-28 10:40:34,364 log 224 Forbidden (CSRF token missing or incorrect.): /login/
WARNING 2021-09-28 10:40:34,365 basehttp 161 "POST /login/ HTTP/1.1" 403 2519
INFO 2021-09-28 10:40:39,418 basehttp 161 "GET /login/ HTTP/1.1" 200 4098
WARNING 2021-09-28 10:40:39,542 basehttp 161 "GET /static/bootstrap/css/bootstrap.min.css.map HTTP/1.1" 404 1733
WARNING 2021-09-28 10:40:39,610 basehttp 161 "GET /static/bootstrap/js/bootstrap.min.js.map HTTP/1.1" 404 1727
WARNING 2021-09-28 10:40:39,612 basehttp 161 "GET /static/vue/axios.min.map HTTP/1.1" 404 1679
ERROR 2021-09-28 10:40:46,337 log 224 Internal Server Error: /login/
Traceback (most recent call last):
  File "D:\python_code\code\beichen\lib\site-packages\django\core\handlers\exception.py", line 47, in inner
    response = get_response(request)
  File "D:\python_code\code\beichen\lib\site-packages\django\core\handlers\base.py", line 181, in _get_response
    response = wrapped_callback(request, *callback_args, **callback_kwargs)
  File "D:\python_code\code\beichen\lib\site-packages\django\views\generic\base.py", line 70, in view
    return self.dispatch(request, *args, **kwargs)
  File "D:\python_code\code\beichen\lib\site-packages\django\views\generic\base.py", line 98, in dispatch
    return handler(request, *args, **kwargs)
  File "D:\桌面\shixun\shixunblog\users\views.py", line 203, in post
    resp.set_cookie('is_ Login', True)
  File "D:\python_code\code\beichen\lib\site-packages\django\http\response.py", line 203, in set_cookie
    self.cookies[key] = value
  File "C:\Program Files\WindowsApps\PythonSoftwareFoundation.Python.3.8_3.8.2800.0_x64__qbz5n2kfra8p0\lib\http\cookies.py", line 495, in __setitem__
    self.__set(key, rval, cval)
  File "C:\Program Files\WindowsApps\PythonSoftwareFoundation.Python.3.8_3.8.2800.0_x64__qbz5n2kfra8p0\lib\http\cookies.py", line 485, in __set
    M.set(key, real_value, coded_value)
  File "C:\Program Files\WindowsApps\PythonSoftwareFoundation.Python.3.8_3.8.2800.0_x64__qbz5n2kfra8p0\lib\http\cookies.py", line 352, in set
    raise CookieError('Illegal key %r' % (key,))
http.cookies.CookieError: Illegal key 'is_ Login'
ERROR 2021-09-28 10:40:46,339 basehttp 161 "POST /login/ HTTP/1.1" 500 100758
INFO 2021-09-28 10:40:55,519 basehttp 161 "GET /login/ HTTP/1.1" 200 4098
WARNING 2021-09-28 10:40:55,587 basehttp 161 "GET /static/bootstrap/css/bootstrap.min.css.map HTTP/1.1" 404 1733
WARNING 2021-09-28 10:40:55,609 basehttp 161 "GET /static/bootstrap/js/bootstrap.min.js.map HTTP/1.1" 404 1727
WARNING 2021-09-28 10:40:55,651 basehttp 161 "GET /static/vue/axios.min.map HTTP/1.1" 404 1679
INFO 2021-09-28 10:40:56,564 basehttp 161 "GET /login/ HTTP/1.1" 200 4098
WARNING 2021-09-28 10:40:56,607 basehttp 161 "GET /static/bootstrap/css/bootstrap.min.css.map HTTP/1.1" 404 1733
WARNING 2021-09-28 10:40:56,657 basehttp 161 "GET /static/bootstrap/js/bootstrap.min.js.map HTTP/1.1" 404 1727
WARNING 2021-09-28 10:40:56,668 basehttp 161 "GET /static/vue/axios.min.map HTTP/1.1" 404 1679
ERROR 2021-09-28 10:41:02,883 log 224 Internal Server Error: /login/
Traceback (most recent call last):
  File "D:\python_code\code\beichen\lib\site-packages\django\core\handlers\exception.py", line 47, in inner
    response = get_response(request)
  File "D:\python_code\code\beichen\lib\site-packages\django\core\handlers\base.py", line 181, in _get_response
    response = wrapped_callback(request, *callback_args, **callback_kwargs)
  File "D:\python_code\code\beichen\lib\site-packages\django\views\generic\base.py", line 70, in view
    return self.dispatch(request, *args, **kwargs)
  File "D:\python_code\code\beichen\lib\site-packages\django\views\generic\base.py", line 98, in dispatch
    return handler(request, *args, **kwargs)
  File "D:\桌面\shixun\shixunblog\users\views.py", line 203, in post
    resp.set_cookie('is_ Login', True)
  File "D:\python_code\code\beichen\lib\site-packages\django\http\response.py", line 203, in set_cookie
    self.cookies[key] = value
  File "C:\Program Files\WindowsApps\PythonSoftwareFoundation.Python.3.8_3.8.2800.0_x64__qbz5n2kfra8p0\lib\http\cookies.py", line 495, in __setitem__
    self.__set(key, rval, cval)
  File "C:\Program Files\WindowsApps\PythonSoftwareFoundation.Python.3.8_3.8.2800.0_x64__qbz5n2kfra8p0\lib\http\cookies.py", line 485, in __set
    M.set(key, real_value, coded_value)
  File "C:\Program Files\WindowsApps\PythonSoftwareFoundation.Python.3.8_3.8.2800.0_x64__qbz5n2kfra8p0\lib\http\cookies.py", line 352, in set
    raise CookieError('Illegal key %r' % (key,))
http.cookies.CookieError: Illegal key 'is_ Login'
ERROR 2021-09-28 10:41:02,884 basehttp 161 "POST /login/ HTTP/1.1" 500 100758
INFO 2021-09-28 10:41:56,485 autoreload 636 Watching for file changes with StatReloader
INFO 2021-09-28 10:42:15,817 autoreload 636 Watching for file changes with StatReloader
WARNING 2021-09-28 10:42:20,173 log 224 Forbidden (CSRF token missing or incorrect.): /login/
WARNING 2021-09-28 10:42:20,174 basehttp 161 "POST /login/ HTTP/1.1" 403 2519
WARNING 2021-09-28 10:42:21,165 log 224 Forbidden (CSRF token missing or incorrect.): /login/
WARNING 2021-09-28 10:42:21,165 basehttp 161 "POST /login/ HTTP/1.1" 403 2519
INFO 2021-09-28 10:42:23,327 basehttp 161 "GET /login/ HTTP/1.1" 200 4098
WARNING 2021-09-28 10:42:23,391 basehttp 161 "GET /static/bootstrap/css/bootstrap.min.css.map HTTP/1.1" 404 1733
WARNING 2021-09-28 10:42:23,415 basehttp 161 "GET /static/bootstrap/js/bootstrap.min.js.map HTTP/1.1" 404 1727
WARNING 2021-09-28 10:42:23,461 basehttp 161 "GET /static/vue/axios.min.map HTTP/1.1" 404 1679
ERROR 2021-09-28 10:42:30,373 log 224 Internal Server Error: /login/
Traceback (most recent call last):
  File "D:\python_code\code\beichen\lib\site-packages\django\core\handlers\exception.py", line 47, in inner
    response = get_response(request)
  File "D:\python_code\code\beichen\lib\site-packages\django\core\handlers\base.py", line 181, in _get_response
    response = wrapped_callback(request, *callback_args, **callback_kwargs)
  File "D:\python_code\code\beichen\lib\site-packages\django\views\generic\base.py", line 70, in view
    return self.dispatch(request, *args, **kwargs)
  File "D:\python_code\code\beichen\lib\site-packages\django\views\generic\base.py", line 98, in dispatch
    return handler(request, *args, **kwargs)
  File "D:\桌面\shixun\shixunblog\users\views.py", line 203, in post
    resp.set_cookie('is_ Login', True)
  File "D:\python_code\code\beichen\lib\site-packages\django\http\response.py", line 203, in set_cookie
    self.cookies[key] = value
  File "C:\Program Files\WindowsApps\PythonSoftwareFoundation.Python.3.8_3.8.2800.0_x64__qbz5n2kfra8p0\lib\http\cookies.py", line 495, in __setitem__
    self.__set(key, rval, cval)
  File "C:\Program Files\WindowsApps\PythonSoftwareFoundation.Python.3.8_3.8.2800.0_x64__qbz5n2kfra8p0\lib\http\cookies.py", line 485, in __set
    M.set(key, real_value, coded_value)
  File "C:\Program Files\WindowsApps\PythonSoftwareFoundation.Python.3.8_3.8.2800.0_x64__qbz5n2kfra8p0\lib\http\cookies.py", line 352, in set
    raise CookieError('Illegal key %r' % (key,))
http.cookies.CookieError: Illegal key 'is_ Login'
ERROR 2021-09-28 10:42:30,375 basehttp 161 "POST /login/ HTTP/1.1" 500 100758
INFO 2021-09-28 10:43:30,788 autoreload 250 D:\桌面\shixun\shixunblog\users\views.py changed, reloading.
INFO 2021-09-28 10:43:31,740 autoreload 636 Watching for file changes with StatReloader
INFO 2021-09-28 10:46:38,396 autoreload 636 Watching for file changes with StatReloader
INFO 2021-09-28 10:46:49,637 basehttp 161 "GET /login HTTP/1.1" 301 0
INFO 2021-09-28 10:46:49,789 basehttp 161 "GET /login/ HTTP/1.1" 200 4098
INFO 2021-09-28 10:46:49,822 basehttp 161 "GET /static/font-awesome/css/font-awesome.min.css HTTP/1.1" 304 0
INFO 2021-09-28 10:46:49,822 basehttp 161 "GET /static/css/cl-css.css HTTP/1.1" 304 0
INFO 2021-09-28 10:46:49,822 basehttp 161 "GET /static/bootstrap/css/bootstrap.min.css HTTP/1.1" 304 0
INFO 2021-09-28 10:46:49,823 basehttp 161 "GET /static/highlight/styles/railscasts.css HTTP/1.1" 304 0
INFO 2021-09-28 10:46:49,832 basehttp 161 "GET /static/jquery/jquery.min.js HTTP/1.1" 304 0
INFO 2021-09-28 10:46:49,836 basehttp 161 "GET /static/highlight/highlight.pack.js HTTP/1.1" 304 0
INFO 2021-09-28 10:46:49,836 basehttp 161 "GET /static/bootstrap/js/bootstrap.min.js HTTP/1.1" 304 0
INFO 2021-09-28 10:46:49,840 basehttp 161 "GET /static/img/logo.jpg HTTP/1.1" 304 0
WARNING 2021-09-28 10:46:50,181 log 224 Not Found: /favicon.ico
WARNING 2021-09-28 10:46:50,181 basehttp 161 "GET /favicon.ico HTTP/1.1" 404 2846
ERROR 2021-09-28 10:46:57,056 log 224 Internal Server Error: /login/
Traceback (most recent call last):
  File "D:\python_code\code\beichen\lib\site-packages\django\core\handlers\exception.py", line 47, in inner
    response = get_response(request)
  File "D:\python_code\code\beichen\lib\site-packages\django\core\handlers\base.py", line 181, in _get_response
    response = wrapped_callback(request, *callback_args, **callback_kwargs)
  File "D:\python_code\code\beichen\lib\site-packages\django\views\generic\base.py", line 70, in view
    return self.dispatch(request, *args, **kwargs)
  File "D:\python_code\code\beichen\lib\site-packages\django\views\generic\base.py", line 98, in dispatch
    return handler(request, *args, **kwargs)
  File "D:\桌面\shixun\shixunblog\users\views.py", line 203, in post
    resp.set_cookie('is_ Login', True)
  File "D:\python_code\code\beichen\lib\site-packages\django\http\response.py", line 203, in set_cookie
    self.cookies[key] = value
  File "C:\Program Files\WindowsApps\PythonSoftwareFoundation.Python.3.8_3.8.2800.0_x64__qbz5n2kfra8p0\lib\http\cookies.py", line 495, in __setitem__
    self.__set(key, rval, cval)
  File "C:\Program Files\WindowsApps\PythonSoftwareFoundation.Python.3.8_3.8.2800.0_x64__qbz5n2kfra8p0\lib\http\cookies.py", line 485, in __set
    M.set(key, real_value, coded_value)
  File "C:\Program Files\WindowsApps\PythonSoftwareFoundation.Python.3.8_3.8.2800.0_x64__qbz5n2kfra8p0\lib\http\cookies.py", line 352, in set
    raise CookieError('Illegal key %r' % (key,))
http.cookies.CookieError: Illegal key 'is_ Login'
ERROR 2021-09-28 10:46:57,059 basehttp 161 "POST /login/ HTTP/1.1" 500 100207
INFO 2021-09-28 10:49:46,631 autoreload 636 Watching for file changes with StatReloader
INFO 2021-09-28 10:49:51,690 autoreload 636 Watching for file changes with StatReloader
INFO 2021-09-28 10:49:58,419 basehttp 161 "GET / HTTP/1.1" 200 16722
INFO 2021-09-28 10:50:01,104 basehttp 161 "GET /login/ HTTP/1.1" 200 4098
INFO 2021-09-28 10:50:08,045 basehttp 161 "POST /login/ HTTP/1.1" 302 0
INFO 2021-09-28 10:50:08,052 basehttp 161 "GET / HTTP/1.1" 200 16722
INFO 2021-09-28 10:52:14,776 autoreload 636 Watching for file changes with StatReloader
INFO 2021-09-28 10:52:16,377 basehttp 161 "GET / HTTP/1.1" 200 4098
INFO 2021-09-28 10:56:19,860 autoreload 636 Watching for file changes with StatReloader
INFO 2021-09-28 10:56:21,974 basehttp 161 "GET / HTTP/1.1" 200 4207
WARNING 2021-09-28 10:56:22,223 log 224 Not Found: /favicon.ico
WARNING 2021-09-28 10:56:22,224 basehttp 161 "GET /favicon.ico HTTP/1.1" 404 2846
INFO 2021-09-28 10:56:55,701 basehttp 161 "POST / HTTP/1.1" 200 4228
INFO 2021-09-28 11:00:13,059 autoreload 250 D:\桌面\shixun\shixunblog\users\views.py changed, reloading.
INFO 2021-09-28 11:00:14,365 autoreload 636 Watching for file changes with StatReloader
INFO 2021-09-28 11:32:36,430 autoreload 636 Watching for file changes with StatReloader
INFO 2021-09-28 11:33:11,411 autoreload 636 Watching for file changes with StatReloader
INFO 2021-09-28 11:33:13,088 basehttp 161 "GET / HTTP/1.1" 200 17093
INFO 2021-09-28 11:33:13,160 basehttp 161 "GET /static/js/index.js HTTP/1.1" 200 655
INFO 2021-09-28 11:33:13,183 basehttp 161 "GET /static/js/common.js HTTP/1.1" 200 891
INFO 2021-09-28 11:33:18,132 basehttp 161 "GET /login/ HTTP/1.1" 200 4207
INFO 2021-09-28 11:33:26,384 basehttp 161 "POST /login/ HTTP/1.1" 302 0
INFO 2021-09-28 11:33:26,390 basehttp 161 "GET / HTTP/1.1" 200 17093
WARNING 2021-09-28 11:33:45,583 basehttp 161 "GET /static/bootstrap/css/bootstrap.min.css.map HTTP/1.1" 404 1733
WARNING 2021-09-28 11:33:45,586 basehttp 161 "GET /static/bootstrap/js/bootstrap.min.js.map HTTP/1.1" 404 1727
INFO 2021-09-28 11:36:14,593 autoreload 250 D:\桌面\shixun\shixunblog\templates\index.html changed, reloading.
INFO 2021-09-28 11:36:15,621 autoreload 636 Watching for file changes with StatReloader
INFO 2021-09-28 11:40:01,729 autoreload 250 D:\桌面\shixun\shixunblog\templates\index.html changed, reloading.
INFO 2021-09-28 11:40:02,855 autoreload 636 Watching for file changes with StatReloader
INFO 2021-09-28 11:42:09,182 autoreload 250 D:\桌面\shixun\shixunblog\templates\index.html changed, reloading.
INFO 2021-09-28 11:42:10,292 autoreload 636 Watching for file changes with StatReloader
INFO 2021-09-28 11:44:33,298 autoreload 250 D:\桌面\shixun\shixunblog\templates\index.html changed, reloading.
INFO 2021-09-28 11:44:37,664 autoreload 636 Watching for file changes with StatReloader
INFO 2021-09-28 11:45:02,103 autoreload 250 D:\桌面\shixun\shixunblog\templates\index.html changed, reloading.
INFO 2021-09-28 11:45:03,297 autoreload 636 Watching for file changes with StatReloader
INFO 2021-09-28 11:45:13,863 autoreload 250 D:\桌面\shixun\shixunblog\templates\index.html changed, reloading.
INFO 2021-09-28 11:45:14,816 autoreload 636 Watching for file changes with StatReloader
INFO 2021-09-28 11:51:14,871 autoreload 250 D:\桌面\shixun\shixunblog\users\views.py changed, reloading.
INFO 2021-09-28 11:51:15,885 autoreload 636 Watching for file changes with StatReloader
INFO 2021-09-28 11:53:34,820 autoreload 250 D:\桌面\shixun\shixunblog\users\views.py changed, reloading.
INFO 2021-09-28 11:53:38,554 autoreload 636 Watching for file changes with StatReloader
INFO 2021-09-28 11:54:37,766 autoreload 250 D:\桌面\shixun\shixunblog\users\views.py changed, reloading.
INFO 2021-09-28 11:54:38,753 autoreload 636 Watching for file changes with StatReloader
INFO 2021-09-28 11:55:38,797 autoreload 250 D:\桌面\shixun\shixunblog\users\urls.py changed, reloading.
INFO 2021-09-28 11:55:39,830 autoreload 636 Watching for file changes with StatReloader
INFO 2021-09-28 11:56:03,907 autoreload 636 Watching for file changes with StatReloader
INFO 2021-09-28 11:56:09,366 basehttp 161 "GET / HTTP/1.1" 200 17978
WARNING 2021-09-28 11:56:29,548 log 224 Not Found: /login.html
WARNING 2021-09-28 11:56:29,549 basehttp 161 "GET /login.html HTTP/1.1" 404 3012
WARNING 2021-09-28 11:56:30,983 log 224 Not Found: /login.html
WARNING 2021-09-28 11:56:30,984 basehttp 161 "GET /login.html HTTP/1.1" 404 3012
INFO 2021-09-28 11:58:19,714 autoreload 636 Watching for file changes with StatReloader
INFO 2021-09-28 11:58:22,919 basehttp 161 "GET / HTTP/1.1" 200 17978
WARNING 2021-09-28 11:58:27,291 log 224 Not Found: /login.html
WARNING 2021-09-28 11:58:27,292 basehttp 161 "GET /login.html HTTP/1.1" 404 3012
INFO 2021-09-28 11:58:59,207 autoreload 636 Watching for file changes with StatReloader
INFO 2021-09-28 12:00:32,204 autoreload 636 Watching for file changes with StatReloader
ERROR 2021-09-28 12:00:34,104 log 224 Internal Server Error: /
Traceback (most recent call last):
  File "D:\python_code\code\beichen\lib\site-packages\django\core\handlers\exception.py", line 47, in inner
    response = get_response(request)
  File "D:\python_code\code\beichen\lib\site-packages\django\core\handlers\base.py", line 181, in _get_response
    response = wrapped_callback(request, *callback_args, **callback_kwargs)
  File "D:\python_code\code\beichen\lib\site-packages\django\views\generic\base.py", line 70, in view
    return self.dispatch(request, *args, **kwargs)
  File "D:\python_code\code\beichen\lib\site-packages\django\views\generic\base.py", line 98, in dispatch
    return handler(request, *args, **kwargs)
  File "D:\桌面\shixun\shixunblog\home\views.py", line 7, in get
    return render(request,'index.html')
  File "D:\python_code\code\beichen\lib\site-packages\django\shortcuts.py", line 19, in render
    content = loader.render_to_string(template_name, context, request, using=using)
  File "D:\python_code\code\beichen\lib\site-packages\django\template\loader.py", line 62, in render_to_string
    return template.render(context, request)
  File "D:\python_code\code\beichen\lib\site-packages\django\template\backends\django.py", line 61, in render
    return self.template.render(context)
  File "D:\python_code\code\beichen\lib\site-packages\django\template\base.py", line 170, in render
    return self._render(context)
  File "D:\python_code\code\beichen\lib\site-packages\django\template\base.py", line 162, in _render
    return self.nodelist.render(context)
  File "D:\python_code\code\beichen\lib\site-packages\django\template\base.py", line 938, in render
    bit = node.render_annotated(context)
  File "D:\python_code\code\beichen\lib\site-packages\django\template\base.py", line 905, in render_annotated
    return self.render(context)
  File "D:\python_code\code\beichen\lib\site-packages\django\template\defaulttags.py", line 446, in render
    url = reverse(view_name, args=args, kwargs=kwargs, current_app=current_app)
  File "D:\python_code\code\beichen\lib\site-packages\django\urls\base.py", line 86, in reverse
    return resolver._reverse_with_prefix(view, prefix, *args, **kwargs)
  File "D:\python_code\code\beichen\lib\site-packages\django\urls\resolvers.py", line 694, in _reverse_with_prefix
    raise NoReverseMatch(msg)
django.urls.exceptions.NoReverseMatch: Reverse for 'login' not found. 'login' is not a valid view function or pattern name.
ERROR 2021-09-28 12:00:34,110 basehttp 161 "GET / HTTP/1.1" 500 135223
INFO 2021-09-28 12:01:06,589 autoreload 636 Watching for file changes with StatReloader
ERROR 2021-09-28 12:01:08,376 log 224 Internal Server Error: /
Traceback (most recent call last):
  File "D:\python_code\code\beichen\lib\site-packages\django\core\handlers\exception.py", line 47, in inner
    response = get_response(request)
  File "D:\python_code\code\beichen\lib\site-packages\django\core\handlers\base.py", line 181, in _get_response
    response = wrapped_callback(request, *callback_args, **callback_kwargs)
  File "D:\python_code\code\beichen\lib\site-packages\django\views\generic\base.py", line 70, in view
    return self.dispatch(request, *args, **kwargs)
  File "D:\python_code\code\beichen\lib\site-packages\django\views\generic\base.py", line 98, in dispatch
    return handler(request, *args, **kwargs)
  File "D:\桌面\shixun\shixunblog\home\views.py", line 7, in get
    return render(request,'index.html')
  File "D:\python_code\code\beichen\lib\site-packages\django\shortcuts.py", line 19, in render
    content = loader.render_to_string(template_name, context, request, using=using)
  File "D:\python_code\code\beichen\lib\site-packages\django\template\loader.py", line 62, in render_to_string
    return template.render(context, request)
  File "D:\python_code\code\beichen\lib\site-packages\django\template\backends\django.py", line 61, in render
    return self.template.render(context)
  File "D:\python_code\code\beichen\lib\site-packages\django\template\base.py", line 170, in render
    return self._render(context)
  File "D:\python_code\code\beichen\lib\site-packages\django\template\base.py", line 162, in _render
    return self.nodelist.render(context)
  File "D:\python_code\code\beichen\lib\site-packages\django\template\base.py", line 938, in render
    bit = node.render_annotated(context)
  File "D:\python_code\code\beichen\lib\site-packages\django\template\base.py", line 905, in render_annotated
    return self.render(context)
  File "D:\python_code\code\beichen\lib\site-packages\django\template\defaulttags.py", line 446, in render
    url = reverse(view_name, args=args, kwargs=kwargs, current_app=current_app)
  File "D:\python_code\code\beichen\lib\site-packages\django\urls\base.py", line 86, in reverse
    return resolver._reverse_with_prefix(view, prefix, *args, **kwargs)
  File "D:\python_code\code\beichen\lib\site-packages\django\urls\resolvers.py", line 694, in _reverse_with_prefix
    raise NoReverseMatch(msg)
django.urls.exceptions.NoReverseMatch: Reverse for 'login/' not found. 'login/' is not a valid view function or pattern name.
ERROR 2021-09-28 12:01:08,380 basehttp 161 "GET / HTTP/1.1" 500 135244
INFO 2021-09-28 13:34:50,279 autoreload 636 Watching for file changes with StatReloader
ERROR 2021-09-28 13:35:14,060 log 224 Internal Server Error: /
Traceback (most recent call last):
  File "D:\python_code\code\beichen\lib\site-packages\django\core\handlers\exception.py", line 47, in inner
    response = get_response(request)
  File "D:\python_code\code\beichen\lib\site-packages\django\core\handlers\base.py", line 181, in _get_response
    response = wrapped_callback(request, *callback_args, **callback_kwargs)
  File "D:\python_code\code\beichen\lib\site-packages\django\views\generic\base.py", line 70, in view
    return self.dispatch(request, *args, **kwargs)
  File "D:\python_code\code\beichen\lib\site-packages\django\views\generic\base.py", line 98, in dispatch
    return handler(request, *args, **kwargs)
  File "D:\桌面\shixun\shixunblog\home\views.py", line 7, in get
    return render(request,'index.html')
  File "D:\python_code\code\beichen\lib\site-packages\django\shortcuts.py", line 19, in render
    content = loader.render_to_string(template_name, context, request, using=using)
  File "D:\python_code\code\beichen\lib\site-packages\django\template\loader.py", line 62, in render_to_string
    return template.render(context, request)
  File "D:\python_code\code\beichen\lib\site-packages\django\template\backends\django.py", line 61, in render
    return self.template.render(context)
  File "D:\python_code\code\beichen\lib\site-packages\django\template\base.py", line 170, in render
    return self._render(context)
  File "D:\python_code\code\beichen\lib\site-packages\django\template\base.py", line 162, in _render
    return self.nodelist.render(context)
  File "D:\python_code\code\beichen\lib\site-packages\django\template\base.py", line 938, in render
    bit = node.render_annotated(context)
  File "D:\python_code\code\beichen\lib\site-packages\django\template\base.py", line 905, in render_annotated
    return self.render(context)
  File "D:\python_code\code\beichen\lib\site-packages\django\template\defaulttags.py", line 446, in render
    url = reverse(view_name, args=args, kwargs=kwargs, current_app=current_app)
  File "D:\python_code\code\beichen\lib\site-packages\django\urls\base.py", line 86, in reverse
    return resolver._reverse_with_prefix(view, prefix, *args, **kwargs)
  File "D:\python_code\code\beichen\lib\site-packages\django\urls\resolvers.py", line 694, in _reverse_with_prefix
    raise NoReverseMatch(msg)
django.urls.exceptions.NoReverseMatch: Reverse for 'login/' not found. 'login/' is not a valid view function or pattern name.
ERROR 2021-09-28 13:35:14,066 basehttp 161 "GET / HTTP/1.1" 500 134715
WARNING 2021-09-28 13:35:14,342 log 224 Not Found: /favicon.ico
WARNING 2021-09-28 13:35:14,343 basehttp 161 "GET /favicon.ico HTTP/1.1" 404 3187
INFO 2021-09-28 13:37:07,766 autoreload 250 D:\桌面\shixun\shixunblog\templates\index.html changed, reloading.
INFO 2021-09-28 13:37:08,719 autoreload 636 Watching for file changes with StatReloader
INFO 2021-09-28 13:49:21,540 basehttp 161 "GET / HTTP/1.1" 200 17970
WARNING 2021-09-28 13:49:21,944 log 224 Not Found: /favicon.ico
WARNING 2021-09-28 13:49:21,944 basehttp 161 "GET /favicon.ico HTTP/1.1" 404 3187
WARNING 2021-09-28 13:49:43,961 log 224 Not Found: /{}
WARNING 2021-09-28 13:49:43,962 basehttp 161 "GET /%7B%7D HTTP/1.1" 404 3164
INFO 2021-09-28 13:50:40,938 autoreload 636 Watching for file changes with StatReloader
INFO 2021-09-28 13:50:43,384 basehttp 161 "GET / HTTP/1.1" 200 17978
INFO 2021-09-28 13:50:44,740 basehttp 161 "GET /login.html HTTP/1.1" 301 0
INFO 2021-09-28 13:50:44,820 basehttp 161 "GET /login.html/ HTTP/1.1" 200 4207
ERROR 2021-09-28 13:51:39,805 log 224 Internal Server Error: /login.html/
Traceback (most recent call last):
  File "D:\python_code\code\beichen\lib\site-packages\django_redis\cache.py", line 27, in _decorator
    return method(self, *args, **kwargs)
  File "D:\python_code\code\beichen\lib\site-packages\django_redis\cache.py", line 131, in has_key
    return self.client.has_key(*args, **kwargs)
  File "D:\python_code\code\beichen\lib\site-packages\django_redis\client\default.py", line 511, in has_key
    raise ConnectionInterrupted(connection=client) from e
django_redis.exceptions.ConnectionInterrupted: Redis ConnectionError: Error 10061 connecting to 127.0.0.1:6379. 由于目标计算机积极拒绝，无法连接。.

During handling of the above exception, another exception occurred:

Traceback (most recent call last):
  File "D:\python_code\code\beichen\lib\site-packages\django\core\handlers\exception.py", line 47, in inner
    response = get_response(request)
  File "D:\python_code\code\beichen\lib\site-packages\django\core\handlers\base.py", line 181, in _get_response
    response = wrapped_callback(request, *callback_args, **callback_kwargs)
  File "D:\python_code\code\beichen\lib\site-packages\django\views\generic\base.py", line 70, in view
    return self.dispatch(request, *args, **kwargs)
  File "D:\python_code\code\beichen\lib\site-packages\django\views\generic\base.py", line 98, in dispatch
    return handler(request, *args, **kwargs)
  File "D:\桌面\shixun\shixunblog\users\views.py", line 199, in post
    login(request, return_user)
  File "D:\python_code\code\beichen\lib\site-packages\django\contrib\auth\__init__.py", line 111, in login
    request.session.cycle_key()
  File "D:\python_code\code\beichen\lib\site-packages\django\contrib\sessions\backends\base.py", line 344, in cycle_key
    self.create()
  File "D:\python_code\code\beichen\lib\site-packages\django\contrib\sessions\backends\cache.py", line 43, in create
    self._session_key = self._get_new_session_key()
  File "D:\python_code\code\beichen\lib\site-packages\django\contrib\sessions\backends\base.py", line 196, in _get_new_session_key
    if not self.exists(session_key):
  File "D:\python_code\code\beichen\lib\site-packages\django\contrib\sessions\backends\cache.py", line 70, in exists
    return bool(session_key) and (self.cache_key_prefix + session_key) in self._cache
  File "D:\python_code\code\beichen\lib\site-packages\django\core\cache\backends\base.py", line 212, in __contains__
    return self.has_key(key)
  File "D:\python_code\code\beichen\lib\site-packages\django_redis\cache.py", line 34, in _decorator
    raise e.__cause__
  File "D:\python_code\code\beichen\lib\site-packages\django_redis\client\default.py", line 509, in has_key
    return client.exists(key) == 1
  File "D:\python_code\code\beichen\lib\site-packages\redis\client.py", line 1581, in exists
    return self.execute_command('EXISTS', *names)
  File "D:\python_code\code\beichen\lib\site-packages\redis\client.py", line 898, in execute_command
    conn = self.connection or pool.get_connection(command_name, **options)
  File "D:\python_code\code\beichen\lib\site-packages\redis\connection.py", line 1192, in get_connection
    connection.connect()
  File "D:\python_code\code\beichen\lib\site-packages\redis\connection.py", line 563, in connect
    raise ConnectionError(self._error_message(e))
redis.exceptions.ConnectionError: Error 10061 connecting to 127.0.0.1:6379. 由于目标计算机积极拒绝，无法连接。.
ERROR 2021-09-28 13:51:39,811 basehttp 161 "POST /login.html/ HTTP/1.1" 500 144862
INFO 2021-09-28 13:51:46,595 autoreload 636 Watching for file changes with StatReloader
INFO 2021-09-28 13:52:30,031 basehttp 161 "GET /login.html/ HTTP/1.1" 200 4207
INFO 2021-09-28 13:52:38,112 basehttp 161 "POST /login.html/ HTTP/1.1" 302 0
INFO 2021-09-28 13:52:38,119 basehttp 161 "GET / HTTP/1.1" 200 17978
INFO 2021-09-28 13:52:41,746 basehttp 161 "GET /logout/ HTTP/1.1" 302 0
INFO 2021-09-28 13:52:41,754 basehttp 161 "GET / HTTP/1.1" 200 17978
INFO 2021-09-28 13:52:43,029 basehttp 161 "GET /logout/ HTTP/1.1" 302 0
INFO 2021-09-28 13:52:43,037 basehttp 161 "GET / HTTP/1.1" 200 17978
INFO 2021-09-28 13:52:43,476 basehttp 161 "GET /logout/ HTTP/1.1" 302 0
INFO 2021-09-28 13:52:43,484 basehttp 161 "GET / HTTP/1.1" 200 17978
INFO 2021-09-28 13:52:45,780 basehttp 161 "GET / HTTP/1.1" 200 17978
INFO 2021-09-28 13:52:54,370 basehttp 161 "GET /logout/ HTTP/1.1" 302 0
INFO 2021-09-28 13:52:54,379 basehttp 161 "GET / HTTP/1.1" 200 17978
INFO 2021-09-28 13:52:54,994 basehttp 161 "GET /logout/ HTTP/1.1" 302 0
INFO 2021-09-28 13:52:55,000 basehttp 161 "GET / HTTP/1.1" 200 17978
INFO 2021-09-28 13:52:55,811 basehttp 161 "GET /logout/ HTTP/1.1" 302 0
INFO 2021-09-28 13:52:55,817 basehttp 161 "GET / HTTP/1.1" 200 17978
INFO 2021-09-28 13:57:04,240 autoreload 636 Watching for file changes with StatReloader
INFO 2021-09-28 13:57:06,486 basehttp 161 "GET / HTTP/1.1" 200 17984
WARNING 2021-09-28 13:57:06,908 log 224 Not Found: /favicon.ico
WARNING 2021-09-28 13:57:06,909 basehttp 161 "GET /favicon.ico HTTP/1.1" 404 3187
INFO 2021-09-28 13:57:13,921 basehttp 161 "GET /login.html/ HTTP/1.1" 200 4207
INFO 2021-09-28 13:57:23,556 basehttp 161 "POST /login.html/ HTTP/1.1" 302 0
INFO 2021-09-28 13:57:23,563 basehttp 161 "GET / HTTP/1.1" 200 17984
INFO 2021-09-28 13:57:27,032 basehttp 161 "GET /logout/ HTTP/1.1" 302 0
INFO 2021-09-28 13:57:27,038 basehttp 161 "GET / HTTP/1.1" 200 17984
INFO 2021-09-28 13:57:28,678 basehttp 161 "GET /login.html/ HTTP/1.1" 200 4207
INFO 2021-09-28 13:57:36,461 basehttp 161 "POST /login.html/ HTTP/1.1" 302 0
INFO 2021-09-28 13:57:36,468 basehttp 161 "GET / HTTP/1.1" 200 17984
INFO 2021-09-28 13:57:41,440 basehttp 161 "GET /logout/ HTTP/1.1" 302 0
INFO 2021-09-28 13:57:41,447 basehttp 161 "GET / HTTP/1.1" 200 17984
INFO 2021-09-28 14:02:28,121 autoreload 250 D:\桌面\shixun\shixunblog\users\views.py changed, reloading.
INFO 2021-09-28 14:02:29,267 autoreload 636 Watching for file changes with StatReloader
INFO 2021-09-28 14:05:08,802 autoreload 250 D:\桌面\shixun\shixunblog\users\views.py changed, reloading.
INFO 2021-09-28 14:05:09,807 autoreload 636 Watching for file changes with StatReloader
INFO 2021-09-28 14:05:14,647 basehttp 161 "GET / HTTP/1.1" 200 17984
WARNING 2021-09-28 14:05:14,989 log 224 Not Found: /favicon.ico
WARNING 2021-09-28 14:05:14,989 basehttp 161 "GET /favicon.ico HTTP/1.1" 404 3187
INFO 2021-09-28 14:05:16,913 basehttp 161 "GET /login.html/ HTTP/1.1" 200 4207
INFO 2021-09-28 14:05:24,954 basehttp 161 "POST /login.html/ HTTP/1.1" 302 0
INFO 2021-09-28 14:05:24,961 basehttp 161 "GET / HTTP/1.1" 200 17984
WARNING 2021-09-28 14:05:27,095 basehttp 161 "GET /static/bootstrap/js/bootstrap.min.js.map HTTP/1.1" 404 1727
WARNING 2021-09-28 14:05:27,098 basehttp 161 "GET /static/bootstrap/css/bootstrap.min.css.map HTTP/1.1" 404 1733
INFO 2021-09-28 14:09:22,402 autoreload 636 Watching for file changes with StatReloader
INFO 2021-09-28 14:09:26,589 basehttp 161 "GET / HTTP/1.1" 200 17984
INFO 2021-09-28 14:09:26,634 basehttp 161 "GET /static/js/index.js HTTP/1.1" 200 655
INFO 2021-09-28 14:09:26,643 basehttp 161 "GET /static/js/common.js HTTP/1.1" 200 891
INFO 2021-09-28 14:09:26,667 basehttp 161 "GET /static/temporary-img/list-image2.jpg HTTP/1.1" 200 27041
INFO 2021-09-28 14:09:26,684 basehttp 161 "GET /static/temporary-img/list-image3.jpg HTTP/1.1" 200 21441
INFO 2021-09-28 14:09:26,690 basehttp 161 "GET /static/temporary-img/recommended.jpg HTTP/1.1" 200 170949
INFO 2021-09-28 14:09:26,702 basehttp 161 "GET /static/temporary-img/list-image1.jpg HTTP/1.1" 200 32481
INFO 2021-09-28 14:09:26,704 basehttp 161 "GET /static/temporary-img/recommended-right.jpg HTTP/1.1" 200 46773
INFO 2021-09-28 14:09:26,704 basehttp 161 "GET /static/temporary-img/list-right.jpg HTTP/1.1" 200 30796
INFO 2021-09-28 14:09:26,705 basehttp 161 "GET /static/temporary-img/recommended-left.jpg HTTP/1.1" 200 57923
INFO 2021-09-28 14:09:26,705 basehttp 161 "GET /static/temporary-img/code.jpg HTTP/1.1" 200 43034
INFO 2021-09-28 14:09:26,782 basehttp 161 "GET /static/font-awesome/fonts/fontawesome-webfont.woff2?v=4.7.0 HTTP/1.1" 200 77160
WARNING 2021-09-28 14:09:26,948 log 224 Not Found: /favicon.ico
WARNING 2021-09-28 14:09:26,948 basehttp 161 "GET /favicon.ico HTTP/1.1" 404 3187
INFO 2021-09-28 14:09:29,374 basehttp 161 "GET /login.html HTTP/1.1" 301 0
INFO 2021-09-28 14:09:29,412 basehttp 161 "GET /login.html/ HTTP/1.1" 200 4207
INFO 2021-09-28 14:09:36,333 basehttp 161 "POST /login.html/ HTTP/1.1" 302 0
INFO 2021-09-28 14:09:36,339 basehttp 161 "GET / HTTP/1.1" 200 17984
WARNING 2021-09-28 14:09:39,195 basehttp 161 "GET /static/bootstrap/js/bootstrap.min.js.map HTTP/1.1" 404 1727
WARNING 2021-09-28 14:09:39,279 basehttp 161 "GET /static/bootstrap/css/bootstrap.min.css.map HTTP/1.1" 404 1733
INFO 2021-09-28 14:11:02,328 basehttp 161 "GET /register/ HTTP/1.1" 200 5939
INFO 2021-09-28 14:11:02,947 basehttp 161 "GET /imagecode/?uuid=102a7e77-053a-4983-a45e-67a05980ff33 HTTP/1.1" 200 2960
WARNING 2021-09-28 14:11:02,958 log 224 Not Found: /favicon.ico
WARNING 2021-09-28 14:11:02,958 basehttp 161 "GET /favicon.ico HTTP/1.1" 404 3187
INFO 2021-09-28 14:11:07,356 basehttp 161 "GET /login/ HTTP/1.1" 200 4207
INFO 2021-09-28 14:11:14,931 basehttp 161 "GET /login/ HTTP/1.1" 200 4207
INFO 2021-09-28 14:11:20,293 basehttp 161 "GET /login/ HTTP/1.1" 200 4207
INFO 2021-09-28 14:11:23,928 basehttp 161 "GET / HTTP/1.1" 200 17984
INFO 2021-09-28 14:11:26,092 basehttp 161 "GET /login.html/ HTTP/1.1" 200 4207
WARNING 2021-09-28 14:11:33,448 basehttp 161 "GET /static/bootstrap/js/bootstrap.min.js.map HTTP/1.1" 404 1727
WARNING 2021-09-28 14:11:33,453 basehttp 161 "GET /static/vue/axios.min.map HTTP/1.1" 404 1679
WARNING 2021-09-28 14:11:33,453 basehttp 161 "GET /static/bootstrap/css/bootstrap.min.css.map HTTP/1.1" 404 1733
INFO 2021-09-28 14:12:06,312 basehttp 161 "POST /login.html/ HTTP/1.1" 302 0
INFO 2021-09-28 14:12:06,319 basehttp 161 "GET / HTTP/1.1" 200 17984
WARNING 2021-09-28 14:12:06,383 basehttp 161 "GET /static/bootstrap/css/bootstrap.min.css.map HTTP/1.1" 404 1733
WARNING 2021-09-28 14:12:06,418 basehttp 161 "GET /static/bootstrap/js/bootstrap.min.js.map HTTP/1.1" 404 1727
INFO 2021-09-28 14:25:24,782 autoreload 636 Watching for file changes with StatReloader
INFO 2021-09-28 14:25:32,129 basehttp 161 "GET / HTTP/1.1" 200 17984
INFO 2021-09-28 14:25:34,184 basehttp 161 "GET /login.html/ HTTP/1.1" 200 4207
INFO 2021-09-28 14:25:42,702 basehttp 161 "POST /login.html/ HTTP/1.1" 302 0
INFO 2021-09-28 14:25:42,710 basehttp 161 "GET / HTTP/1.1" 200 17984
WARNING 2021-09-28 14:25:46,343 basehttp 161 "GET /static/bootstrap/js/bootstrap.min.js.map HTTP/1.1" 404 1727
WARNING 2021-09-28 14:25:46,344 basehttp 161 "GET /static/bootstrap/css/bootstrap.min.css.map HTTP/1.1" 404 1733
INFO 2021-09-28 14:27:53,297 autoreload 250 D:\桌面\shixun\shixunblog\templates\index.html changed, reloading.
INFO 2021-09-28 14:27:56,278 autoreload 636 Watching for file changes with StatReloader
INFO 2021-09-28 14:27:58,188 basehttp 161 "GET / HTTP/1.1" 200 17806
WARNING 2021-09-28 14:27:58,504 basehttp 161 "GET /static/bootstrap/js/bootstrap.min.js.map HTTP/1.1" 404 1727
WARNING 2021-09-28 14:27:58,504 basehttp 161 "GET /static/bootstrap/css/bootstrap.min.css.map HTTP/1.1" 404 1733
INFO 2021-09-28 14:33:34,922 autoreload 636 Watching for file changes with StatReloader
INFO 2021-09-28 14:33:38,480 basehttp 161 "GET / HTTP/1.1" 200 17815
WARNING 2021-09-28 14:33:38,547 basehttp 161 "GET /static/bootstrap/css/bootstrap.min.css.map HTTP/1.1" 404 1733
WARNING 2021-09-28 14:33:38,577 basehttp 161 "GET /static/bootstrap/js/bootstrap.min.js.map HTTP/1.1" 404 1727
INFO 2021-09-28 14:33:39,982 basehttp 161 "GET / HTTP/1.1" 200 17815
WARNING 2021-09-28 14:33:40,043 basehttp 161 "GET /static/bootstrap/css/bootstrap.min.css.map HTTP/1.1" 404 1733
WARNING 2021-09-28 14:33:40,090 basehttp 161 "GET /static/bootstrap/js/bootstrap.min.js.map HTTP/1.1" 404 1727
INFO 2021-09-28 14:33:40,606 basehttp 161 "GET / HTTP/1.1" 200 17815
WARNING 2021-09-28 14:33:40,673 basehttp 161 "GET /static/bootstrap/css/bootstrap.min.css.map HTTP/1.1" 404 1733
WARNING 2021-09-28 14:33:40,707 basehttp 161 "GET /static/bootstrap/js/bootstrap.min.js.map HTTP/1.1" 404 1727
INFO 2021-09-28 14:33:41,023 basehttp 161 "GET / HTTP/1.1" 200 17815
WARNING 2021-09-28 14:33:41,094 basehttp 161 "GET /static/bootstrap/css/bootstrap.min.css.map HTTP/1.1" 404 1733
WARNING 2021-09-28 14:33:41,122 basehttp 161 "GET /static/bootstrap/js/bootstrap.min.js.map HTTP/1.1" 404 1727
INFO 2021-09-28 14:33:41,202 basehttp 161 "GET / HTTP/1.1" 200 17815
WARNING 2021-09-28 14:33:41,271 basehttp 161 "GET /static/bootstrap/css/bootstrap.min.css.map HTTP/1.1" 404 1733
WARNING 2021-09-28 14:33:41,301 basehttp 161 "GET /static/bootstrap/js/bootstrap.min.js.map HTTP/1.1" 404 1727
INFO 2021-09-28 14:33:41,377 basehttp 161 "GET / HTTP/1.1" 200 17815
WARNING 2021-09-28 14:33:41,455 basehttp 161 "GET /static/bootstrap/css/bootstrap.min.css.map HTTP/1.1" 404 1733
WARNING 2021-09-28 14:33:41,490 basehttp 161 "GET /static/bootstrap/js/bootstrap.min.js.map HTTP/1.1" 404 1727
INFO 2021-09-28 14:33:41,553 basehttp 161 "GET / HTTP/1.1" 200 17815
WARNING 2021-09-28 14:33:41,640 basehttp 161 "GET /static/bootstrap/css/bootstrap.min.css.map HTTP/1.1" 404 1733
WARNING 2021-09-28 14:33:41,671 basehttp 161 "GET /static/bootstrap/js/bootstrap.min.js.map HTTP/1.1" 404 1727
INFO 2021-09-28 14:33:41,729 basehttp 161 "GET / HTTP/1.1" 200 17815
WARNING 2021-09-28 14:33:41,816 basehttp 161 "GET /static/bootstrap/css/bootstrap.min.css.map HTTP/1.1" 404 1733
WARNING 2021-09-28 14:33:41,843 basehttp 161 "GET /static/bootstrap/js/bootstrap.min.js.map HTTP/1.1" 404 1727
INFO 2021-09-28 14:33:41,889 basehttp 161 "GET / HTTP/1.1" 200 17815
WARNING 2021-09-28 14:33:41,968 basehttp 161 "GET /static/bootstrap/css/bootstrap.min.css.map HTTP/1.1" 404 1733
WARNING 2021-09-28 14:33:42,002 basehttp 161 "GET /static/bootstrap/js/bootstrap.min.js.map HTTP/1.1" 404 1727
INFO 2021-09-28 14:33:42,043 basehttp 161 "GET / HTTP/1.1" 200 17815
WARNING 2021-09-28 14:33:42,126 basehttp 161 "GET /static/bootstrap/css/bootstrap.min.css.map HTTP/1.1" 404 1733
WARNING 2021-09-28 14:33:42,157 basehttp 161 "GET /static/bootstrap/js/bootstrap.min.js.map HTTP/1.1" 404 1727
INFO 2021-09-28 14:33:42,203 basehttp 161 "GET / HTTP/1.1" 200 17815
WARNING 2021-09-28 14:33:42,284 basehttp 161 "GET /static/bootstrap/css/bootstrap.min.css.map HTTP/1.1" 404 1733
WARNING 2021-09-28 14:33:42,332 basehttp 161 "GET /static/bootstrap/js/bootstrap.min.js.map HTTP/1.1" 404 1727
INFO 2021-09-28 14:33:42,396 basehttp 161 "GET / HTTP/1.1" 200 17815
WARNING 2021-09-28 14:33:42,463 basehttp 161 "GET /static/bootstrap/css/bootstrap.min.css.map HTTP/1.1" 404 1733
WARNING 2021-09-28 14:33:42,489 basehttp 161 "GET /static/bootstrap/js/bootstrap.min.js.map HTTP/1.1" 404 1727
INFO 2021-09-28 14:33:42,581 basehttp 161 "GET / HTTP/1.1" 200 17815
WARNING 2021-09-28 14:33:42,640 basehttp 161 "GET /static/bootstrap/css/bootstrap.min.css.map HTTP/1.1" 404 1733
WARNING 2021-09-28 14:33:42,672 basehttp 161 "GET /static/bootstrap/js/bootstrap.min.js.map HTTP/1.1" 404 1727
INFO 2021-09-28 14:33:42,753 basehttp 161 "GET / HTTP/1.1" 200 17815
WARNING 2021-09-28 14:33:42,809 basehttp 161 "GET /static/bootstrap/css/bootstrap.min.css.map HTTP/1.1" 404 1733
WARNING 2021-09-28 14:33:42,839 basehttp 161 "GET /static/bootstrap/js/bootstrap.min.js.map HTTP/1.1" 404 1727
INFO 2021-09-28 14:33:57,211 autoreload 250 D:\桌面\shixun\shixunblog\templates\index.html changed, reloading.
INFO 2021-09-28 14:33:58,391 autoreload 636 Watching for file changes with StatReloader
INFO 2021-09-28 14:33:58,692 basehttp 161 "GET / HTTP/1.1" 200 17993
WARNING 2021-09-28 14:33:58,747 basehttp 161 "GET /static/bootstrap/css/bootstrap.min.css.map HTTP/1.1" 404 1733
WARNING 2021-09-28 14:33:58,764 basehttp 161 "GET /static/bootstrap/js/bootstrap.min.js.map HTTP/1.1" 404 1727
INFO 2021-09-28 14:34:03,695 basehttp 161 "GET /logout/ HTTP/1.1" 302 0
INFO 2021-09-28 14:34:03,703 basehttp 161 "GET / HTTP/1.1" 200 17993
WARNING 2021-09-28 14:34:03,763 basehttp 161 "GET /static/bootstrap/css/bootstrap.min.css.map HTTP/1.1" 404 1733
WARNING 2021-09-28 14:34:03,802 basehttp 161 "GET /static/bootstrap/js/bootstrap.min.js.map HTTP/1.1" 404 1727
WARNING 2021-09-28 14:34:11,441 basehttp 161 "GET /static/bootstrap/js/bootstrap.min.js.map HTTP/1.1" 404 1727
WARNING 2021-09-28 14:34:11,446 basehttp 161 "GET /static/bootstrap/css/bootstrap.min.css.map HTTP/1.1" 404 1733
INFO 2021-09-28 14:35:08,150 autoreload 250 D:\桌面\shixun\shixunblog\templates\index.html changed, reloading.
INFO 2021-09-28 14:35:09,280 autoreload 636 Watching for file changes with StatReloader
INFO 2021-09-28 14:35:09,485 basehttp 161 "GET / HTTP/1.1" 200 17992
WARNING 2021-09-28 14:35:09,563 basehttp 161 "GET /static/bootstrap/css/bootstrap.min.css.map HTTP/1.1" 404 1733
WARNING 2021-09-28 14:35:09,728 basehttp 161 "GET /static/bootstrap/js/bootstrap.min.js.map HTTP/1.1" 404 1727
INFO 2021-09-28 14:35:11,329 basehttp 161 "GET /login.html/ HTTP/1.1" 200 4207
WARNING 2021-09-28 14:35:11,387 basehttp 161 "GET /static/bootstrap/css/bootstrap.min.css.map HTTP/1.1" 404 1733
WARNING 2021-09-28 14:35:11,407 basehttp 161 "GET /static/bootstrap/js/bootstrap.min.js.map HTTP/1.1" 404 1727
WARNING 2021-09-28 14:35:11,451 basehttp 161 "GET /static/vue/axios.min.map HTTP/1.1" 404 1679
INFO 2021-09-28 14:35:20,867 basehttp 161 "POST /login.html/ HTTP/1.1" 302 0
INFO 2021-09-28 14:35:20,874 basehttp 161 "GET / HTTP/1.1" 200 17992
WARNING 2021-09-28 14:35:20,939 basehttp 161 "GET /static/bootstrap/css/bootstrap.min.css.map HTTP/1.1" 404 1733
WARNING 2021-09-28 14:35:20,968 basehttp 161 "GET /static/bootstrap/js/bootstrap.min.js.map HTTP/1.1" 404 1727
INFO 2021-09-28 14:35:24,474 basehttp 161 "GET /logout/ HTTP/1.1" 302 0
INFO 2021-09-28 14:35:24,482 basehttp 161 "GET / HTTP/1.1" 200 17992
WARNING 2021-09-28 14:35:24,538 basehttp 161 "GET /static/bootstrap/css/bootstrap.min.css.map HTTP/1.1" 404 1733
WARNING 2021-09-28 14:35:24,566 basehttp 161 "GET /static/bootstrap/js/bootstrap.min.js.map HTTP/1.1" 404 1727
